Base path: C:/Program Files/Unity/Editor/Data
Cmd: initializeCompiler
Cmd: compileSnippet
  api=18 type=0 insize=1569 outsize=3821 kw=POINT pd=UNITY_NO_DXT5nm UNITY_NO_RGBM UNITY_ENABLE_REFLECTION_BUFFERS UNITY_NO_CUBEMAP_ARRAY UNITY_NO_SCREENSPACE_SHADOWS UNITY_PBS_USE_BRDF3 UNITY_NO_FULL_STANDARD_SHADER SHADER_API_MOBILE UNITY_HARDWARE_TIER1 UNITY_LIGHTMAP_DLDR_ENCODING ok=1
Cmd: compileSnippet
  api=18 type=0 insize=1248 outsize=1816 kw= pd=UNITY_NO_DXT5nm UNITY_NO_RGBM UNITY_ENABLE_REFLECTION_BUFFERS UNITY_NO_CUBEMAP_ARRAY UNITY_NO_SCREENSPACE_SHADOWS UNITY_PBS_USE_BRDF2 SHADER_API_MOBILE UNITY_HARDWARE_TIER2 UNITY_LIGHTMAP_DLDR_ENCODING ok=1
Cmd: compileSnippet
  api=18 type=1 insize=1791 outsize=0 kw= pd=UNITY_NO_DXT5nm UNITY_NO_RGBM UNITY_ENABLE_REFLECTION_BUFFERS UNITY_NO_CUBEMAP_ARRAY UNITY_NO_SCREENSPACE_SHADOWS UNITY_PBS_USE_BRDF2 SHADER_API_MOBILE UNITY_HARDWARE_TIER3 UNITY_LIGHTMAP_DLDR_ENCODING ok=1
Cmd: initializeCompiler
Cmd: initializeCompiler
Cmd: initializeCompiler
Cmd: initializeCompiler
Cmd: initializeCompiler
Cmd: initializeCompiler
Cmd: initializeCompiler
Cmd: initializeCompiler
Cmd: initializeCompiler
Cmd: initializeCompiler
Cmd: initializeCompiler
Cmd: initializeCompiler
Cmd: initializeCompiler
Cmd: initializeCompiler
Cmd: initializeCompiler
Cmd: initializeCompiler
Cmd: compileSnippet
  api=14 type=0 insize=1564 outsize=3552 kw=UNITY_PASS_FORWARDBASE DIRECTIONAL pd=UNITY_NO_DXT5nm UNITY_NO_RGBM UNITY_ENABLE_REFLECTION_BUFFERS UNITY_FRAMEBUFFER_FETCH_AVAILABLE UNITY_NO_CUBEMAP_ARRAY UNITY_NO_SCREENSPACE_SHADOWS UNITY_PBS_USE_BRDF3 SHADER_API_MOBILE UNITY_HARDWARE_TIER1 UNITY_LIGHTMAP_DLDR_ENCODING ok=1
Cmd: compileSnippet
  api=14 type=0 insize=1564 outsize=3552 kw=UNITY_PASS_FORWARDBASE DIRECTIONAL VERTEXLIGHT_ON pd=UNITY_NO_DXT5nm UNITY_NO_RGBM UNITY_ENABLE_REFLECTION_BUFFERS UNITY_FRAMEBUFFER_FETCH_AVAILABLE UNITY_NO_CUBEMAP_ARRAY UNITY_NO_SCREENSPACE_SHADOWS UNITY_PBS_USE_BRDF2 SHADER_API_MOBILE UNITY_HARDWARE_TIER2 UNITY_LIGHTMAP_DLDR_ENCODING ok=1
Cmd: compileSnippet
  api=14 type=0 insize=1564 outsize=3552 kw=UNITY_PASS_FORWARDBASE DIRECTIONAL SHADOWS_SCREEN VERTEXLIGHT_ON pd=UNITY_NO_DXT5nm UNITY_NO_RGBM UNITY_ENABLE_REFLECTION_BUFFERS UNITY_FRAMEBUFFER_FETCH_AVAILABLE UNITY_NO_CUBEMAP_ARRAY UNITY_NO_SCREENSPACE_SHADOWS UNITY_PBS_USE_BRDF3 SHADER_API_MOBILE UNITY_HARDWARE_TIER1 UNITY_LIGHTMAP_DLDR_ENCODING ok=1
Cmd: compileSnippet
  api=14 type=0 insize=1426 outsize=4156 kw=UNITY_PASS_FORWARDADD SPOT pd=UNITY_NO_DXT5nm UNITY_NO_RGBM UNITY_ENABLE_REFLECTION_BUFFERS UNITY_FRAMEBUFFER_FETCH_AVAILABLE UNITY_NO_CUBEMAP_ARRAY UNITY_NO_SCREENSPACE_SHADOWS UNITY_PBS_USE_BRDF2 SHADER_API_MOBILE UNITY_HARDWARE_TIER2 UNITY_LIGHTMAP_DLDR_ENCODING ok=1
Cmd: compileSnippet
  api=14 type=0 insize=1426 outsize=4196 kw=UNITY_PASS_FORWARDADD DIRECTIONAL_COOKIE pd=UNITY_NO_DXT5nm UNITY_NO_RGBM UNITY_ENABLE_REFLECTION_BUFFERS UNITY_FRAMEBUFFER_FETCH_AVAILABLE UNITY_NO_CUBEMAP_ARRAY UNITY_NO_SCREENSPACE_SHADOWS UNITY_PBS_USE_BRDF2 SHADER_API_MOBILE UNITY_HARDWARE_TIER2 UNITY_LIGHTMAP_DLDR_ENCODING ok=1
Cmd: compileSnippet
  api=14 type=0 insize=1426 outsize=4156 kw=UNITY_PASS_FORWARDADD SPOT SHADOWS_DEPTH pd=UNITY_NO_DXT5nm UNITY_NO_RGBM UNITY_ENABLE_REFLECTION_BUFFERS UNITY_FRAMEBUFFER_FETCH_AVAILABLE UNITY_NO_CUBEMAP_ARRAY UNITY_NO_SCREENSPACE_SHADOWS UNITY_PBS_USE_BRDF2 SHADER_API_MOBILE UNITY_HARDWARE_TIER3 UNITY_LIGHTMAP_DLDR_ENCODING ok=1
Cmd: compileSnippet
  api=14 type=0 insize=1426 outsize=4196 kw=UNITY_PASS_FORWARDADD POINT SHADOWS_CUBE SHADOWS_SOFT pd=UNITY_NO_DXT5nm UNITY_NO_RGBM UNITY_ENABLE_REFLECTION_BUFFERS UNITY_FRAMEBUFFER_FETCH_AVAILABLE UNITY_NO_CUBEMAP_ARRAY UNITY_NO_SCREENSPACE_SHADOWS UNITY_PBS_USE_BRDF3 SHADER_API_MOBILE UNITY_HARDWARE_TIER1 UNITY_LIGHTMAP_DLDR_ENCODING ok=1
Cmd: compileSnippet
  api=14 type=0 insize=1426 outsize=4196 kw=UNITY_PASS_FORWARDADD POINT_COOKIE SHADOWS_CUBE SHADOWS_SOFT pd=UNITY_NO_DXT5nm UNITY_NO_RGBM UNITY_ENABLE_REFLECTION_BUFFERS UNITY_FRAMEBUFFER_FETCH_AVAILABLE UNITY_NO_CUBEMAP_ARRAY UNITY_NO_SCREENSPACE_SHADOWS UNITY_PBS_USE_BRDF3 SHADER_API_MOBILE UNITY_HARDWARE_TIER1 UNITY_LIGHTMAP_DLDR_ENCODING ok=1
Cmd: compileSnippet
  api=14 type=0 insize=1278 outsize=2766 kw=UNITY_PASS_SHADOWCASTER SHADOWS_CUBE pd=UNITY_NO_DXT5nm UNITY_NO_RGBM UNITY_ENABLE_REFLECTION_BUFFERS UNITY_FRAMEBUFFER_FETCH_AVAILABLE UNITY_NO_CUBEMAP_ARRAY UNITY_NO_SCREENSPACE_SHADOWS UNITY_PBS_USE_BRDF3 SHADER_API_MOBILE UNITY_HARDWARE_TIER1 UNITY_LIGHTMAP_DLDR_ENCODING ok=1
Cmd: compileSnippet
  api=14 type=0 insize=1520 outsize=3427 kw=UNITY_PASS_DEFERRED pd=UNITY_NO_DXT5nm UNITY_NO_RGBM UNITY_ENABLE_REFLECTION_BUFFERS UNITY_FRAMEBUFFER_FETCH_AVAILABLE UNITY_NO_CUBEMAP_ARRAY UNITY_NO_SCREENSPACE_SHADOWS UNITY_PBS_USE_BRDF2 SHADER_API_MOBILE UNITY_HARDWARE_TIER2 UNITY_LIGHTMAP_DLDR_ENCODING ok=1
Cmd: compileSnippet
  api=14 type=0 insize=1368 outsize=3552 kw=UNITY_PASS_FORWARDBASE DIRECTIONAL SHADOWS_SCREEN pd=UNITY_NO_DXT5nm UNITY_NO_RGBM UNITY_ENABLE_REFLECTION_BUFFERS UNITY_FRAMEBUFFER_FETCH_AVAILABLE UNITY_NO_CUBEMAP_ARRAY UNITY_NO_SCREENSPACE_SHADOWS UNITY_PBS_USE_BRDF2 SHADER_API_MOBILE UNITY_HARDWARE_TIER2 UNITY_LIGHTMAP_DLDR_ENCODING ok=1
Cmd: compileSnippet
  api=14 type=0 insize=1368 outsize=4159 kw=UNITY_PASS_FORWARDBASE DIRECTIONAL SHADOWS_SCREEN LIGHTPROBE_SH pd=UNITY_NO_DXT5nm UNITY_NO_RGBM UNITY_ENABLE_REFLECTION_BUFFERS UNITY_FRAMEBUFFER_FETCH_AVAILABLE UNITY_NO_CUBEMAP_ARRAY UNITY_NO_SCREENSPACE_SHADOWS UNITY_PBS_USE_BRDF2 SHADER_API_MOBILE UNITY_HARDWARE_TIER2 UNITY_LIGHTMAP_DLDR_ENCODING ok=1
Cmd: compileSnippet
  api=14 type=0 insize=1368 outsize=3552 kw=UNITY_PASS_FORWARDBASE DIRECTIONAL SHADOWS_SCREEN VERTEXLIGHT_ON pd=UNITY_NO_DXT5nm UNITY_NO_RGBM UNITY_ENABLE_REFLECTION_BUFFERS UNITY_FRAMEBUFFER_FETCH_AVAILABLE UNITY_NO_CUBEMAP_ARRAY UNITY_NO_SCREENSPACE_SHADOWS UNITY_PBS_USE_BRDF3 SHADER_API_MOBILE UNITY_HARDWARE_TIER1 UNITY_LIGHTMAP_DLDR_ENCODING ok=1
Cmd: compileSnippet
  api=14 type=0 insize=1234 outsize=4410 kw=UNITY_PASS_FORWARDADD SPOT pd=UNITY_NO_DXT5nm UNITY_NO_RGBM UNITY_ENABLE_REFLECTION_BUFFERS UNITY_FRAMEBUFFER_FETCH_AVAILABLE UNITY_NO_CUBEMAP_ARRAY UNITY_NO_SCREENSPACE_SHADOWS UNITY_PBS_USE_BRDF3 SHADER_API_MOBILE UNITY_HARDWARE_TIER1 UNITY_LIGHTMAP_DLDR_ENCODING ok=1
Cmd: compileSnippet
  api=14 type=0 insize=1234 outsize=4324 kw=UNITY_PASS_FORWARDADD DIRECTIONAL_COOKIE pd=UNITY_NO_DXT5nm UNITY_NO_RGBM UNITY_ENABLE_REFLECTION_BUFFERS UNITY_FRAMEBUFFER_FETCH_AVAILABLE UNITY_NO_CUBEMAP_ARRAY UNITY_NO_SCREENSPACE_SHADOWS UNITY_PBS_USE_BRDF2 SHADER_API_MOBILE UNITY_HARDWARE_TIER3 UNITY_LIGHTMAP_DLDR_ENCODING ok=1
Cmd: compileSnippet
  api=14 type=0 insize=1234 outsize=3615 kw=UNITY_PASS_FORWARDADD DIRECTIONAL SHADOWS_SCREEN pd=UNITY_NO_DXT5nm UNITY_NO_RGBM UNITY_ENABLE_REFLECTION_BUFFERS UNITY_FRAMEBUFFER_FETCH_AVAILABLE UNITY_NO_CUBEMAP_ARRAY UNITY_NO_SCREENSPACE_SHADOWS UNITY_PBS_USE_BRDF2 SHADER_API_MOBILE UNITY_HARDWARE_TIER2 UNITY_LIGHTMAP_DLDR_ENCODING ok=1
Cmd: compileSnippet
  api=14 type=0 insize=1234 outsize=4450 kw=UNITY_PASS_FORWARDADD POINT_COOKIE SHADOWS_CUBE pd=UNITY_NO_DXT5nm UNITY_NO_RGBM UNITY_ENABLE_REFLECTION_BUFFERS UNITY_FRAMEBUFFER_FETCH_AVAILABLE UNITY_NO_CUBEMAP_ARRAY UNITY_NO_SCREENSPACE_SHADOWS UNITY_PBS_USE_BRDF3 SHADER_API_MOBILE UNITY_HARDWARE_TIER1 UNITY_LIGHTMAP_DLDR_ENCODING ok=1
Cmd: compileSnippet
  api=14 type=0 insize=977 outsize=2953 kw=UNITY_PASS_SHADOWCASTER SHADOWS_DEPTH pd=UNITY_NO_DXT5nm UNITY_NO_RGBM UNITY_ENABLE_REFLECTION_BUFFERS UNITY_FRAMEBUFFER_FETCH_AVAILABLE UNITY_NO_CUBEMAP_ARRAY UNITY_NO_SCREENSPACE_SHADOWS UNITY_PBS_USE_BRDF2 SHADER_API_MOBILE UNITY_HARDWARE_TIER2 UNITY_LIGHTMAP_DLDR_ENCODING ok=1
Cmd: compileSnippet
  api=14 type=0 insize=903 outsize=2205 kw=UNITY_PASS_META pd=UNITY_NO_DXT5nm UNITY_NO_RGBM UNITY_ENABLE_REFLECTION_BUFFERS UNITY_FRAMEBUFFER_FETCH_AVAILABLE UNITY_NO_CUBEMAP_ARRAY UNITY_NO_SCREENSPACE_SHADOWS UNITY_PBS_USE_BRDF2 SHADER_API_MOBILE UNITY_HARDWARE_TIER2 UNITY_LIGHTMAP_DLDR_ENCODING ok=1
Cmd: compileSnippet
  api=14 type=0 insize=5099 outsize=8626 kw= pd=UNITY_NO_DXT5nm UNITY_NO_RGBM UNITY_ENABLE_REFLECTION_BUFFERS UNITY_FRAMEBUFFER_FETCH_AVAILABLE UNITY_NO_CUBEMAP_ARRAY UNITY_NO_SCREENSPACE_SHADOWS UNITY_PBS_USE_BRDF2 SHADER_API_MOBILE UNITY_HARDWARE_TIER2 UNITY_LIGHTMAP_DLDR_ENCODING ok=1
Cmd: compileSnippet
  api=14 type=0 insize=2459 outsize=1955 kw= pd=UNITY_NO_DXT5nm UNITY_NO_RGBM UNITY_ENABLE_REFLECTION_BUFFERS UNITY_FRAMEBUFFER_FETCH_AVAILABLE UNITY_NO_CUBEMAP_ARRAY UNITY_NO_SCREENSPACE_SHADOWS UNITY_PBS_USE_BRDF2 SHADER_API_MOBILE UNITY_HARDWARE_TIER3 UNITY_LIGHTMAP_DLDR_ENCODING ok=1
Cmd: compileSnippet
  api=14 type=0 insize=2699 outsize=3524 kw=UNITY_UI_ALPHACLIP pd=UNITY_NO_DXT5nm UNITY_NO_RGBM UNITY_ENABLE_REFLECTION_BUFFERS UNITY_FRAMEBUFFER_FETCH_AVAILABLE UNITY_NO_CUBEMAP_ARRAY UNITY_NO_SCREENSPACE_SHADOWS UNITY_PBS_USE_BRDF3 SHADER_API_MOBILE UNITY_HARDWARE_TIER1 UNITY_LIGHTMAP_DLDR_ENCODING ok=1
Cmd: compileSnippet
  api=14 type=1 insize=2699 outsize=1502 kw=UNITY_UI_ALPHACLIP pd=UNITY_NO_DXT5nm UNITY_NO_RGBM UNITY_ENABLE_REFLECTION_BUFFERS UNITY_FRAMEBUFFER_FETCH_AVAILABLE UNITY_NO_CUBEMAP_ARRAY UNITY_NO_SCREENSPACE_SHADOWS UNITY_PBS_USE_BRDF2 SHADER_API_MOBILE UNITY_HARDWARE_TIER3 UNITY_LIGHTMAP_DLDR_ENCODING ok=1
Cmd: compileSnippet
  api=14 type=1 insize=2699 outsize=2014 kw=UNITY_UI_CLIP_RECT UNITY_UI_ALPHACLIP pd=UNITY_NO_DXT5nm UNITY_NO_RGBM UNITY_ENABLE_REFLECTION_BUFFERS UNITY_FRAMEBUFFER_FETCH_AVAILABLE UNITY_NO_CUBEMAP_ARRAY UNITY_NO_SCREENSPACE_SHADOWS UNITY_PBS_USE_BRDF2 SHADER_API_MOBILE UNITY_HARDWARE_TIER2 UNITY_LIGHTMAP_DLDR_ENCODING ok=1
Cmd: compileSnippet
  api=14 type=0 insize=2344 outsize=3005 kw= pd=UNITY_NO_DXT5nm UNITY_NO_RGBM UNITY_ENABLE_REFLECTION_BUFFERS UNITY_FRAMEBUFFER_FETCH_AVAILABLE UNITY_NO_CUBEMAP_ARRAY UNITY_NO_SCREENSPACE_SHADOWS UNITY_PBS_USE_BRDF2 SHADER_API_MOBILE UNITY_HARDWARE_TIER2 UNITY_LIGHTMAP_DLDR_ENCODING ok=1
Cmd: compileSnippet
  api=14 type=1 insize=2344 outsize=1184 kw=UNITY_UI_ALPHACLIP pd=UNITY_NO_DXT5nm UNITY_NO_RGBM UNITY_ENABLE_REFLECTION_BUFFERS UNITY_FRAMEBUFFER_FETCH_AVAILABLE UNITY_NO_CUBEMAP_ARRAY UNITY_NO_SCREENSPACE_SHADOWS UNITY_PBS_USE_BRDF2 SHADER_API_MOBILE UNITY_HARDWARE_TIER2 UNITY_LIGHTMAP_DLDR_ENCODING ok=1
Cmd: compileSnippet
  api=14 type=0 insize=2650 outsize=3524 kw=UNITY_UI_CLIP_RECT pd=UNITY_NO_DXT5nm UNITY_NO_RGBM UNITY_ENABLE_REFLECTION_BUFFERS UNITY_FRAMEBUFFER_FETCH_AVAILABLE UNITY_NO_CUBEMAP_ARRAY UNITY_NO_SCREENSPACE_SHADOWS UNITY_PBS_USE_BRDF2 SHADER_API_MOBILE UNITY_HARDWARE_TIER2 UNITY_LIGHTMAP_DLDR_ENCODING ok=1
Cmd: compileSnippet
  api=14 type=1 insize=2650 outsize=1427 kw=UNITY_UI_ALPHACLIP pd=UNITY_NO_DXT5nm UNITY_NO_RGBM UNITY_ENABLE_REFLECTION_BUFFERS UNITY_FRAMEBUFFER_FETCH_AVAILABLE UNITY_NO_CUBEMAP_ARRAY UNITY_NO_SCREENSPACE_SHADOWS UNITY_PBS_USE_BRDF2 SHADER_API_MOBILE UNITY_HARDWARE_TIER2 UNITY_LIGHTMAP_DLDR_ENCODING ok=1
Cmd: compileSnippet
  api=14 type=0 insize=6654 outsize=6225 kw=UNITY_UI_ALPHACLIP pd=UNITY_NO_DXT5nm UNITY_NO_RGBM UNITY_ENABLE_REFLECTION_BUFFERS UNITY_FRAMEBUFFER_FETCH_AVAILABLE UNITY_NO_CUBEMAP_ARRAY UNITY_NO_SCREENSPACE_SHADOWS UNITY_PBS_USE_BRDF2 SHADER_API_MOBILE UNITY_HARDWARE_TIER2 UNITY_LIGHTMAP_DLDR_ENCODING ok=1
Cmd: compileSnippet
  api=14 type=0 insize=6654 outsize=6225 kw=UNITY_UI_CLIP_RECT UNITY_UI_ALPHACLIP pd=UNITY_NO_DXT5nm UNITY_NO_RGBM UNITY_ENABLE_REFLECTION_BUFFERS UNITY_FRAMEBUFFER_FETCH_AVAILABLE UNITY_NO_CUBEMAP_ARRAY UNITY_NO_SCREENSPACE_SHADOWS UNITY_PBS_USE_BRDF3 SHADER_API_MOBILE UNITY_HARDWARE_TIER1 UNITY_LIGHTMAP_DLDR_ENCODING ok=1
Cmd: compileSnippet
  api=14 type=1 insize=6654 outsize=4042 kw=UNITY_UI_ALPHACLIP pd=UNITY_NO_DXT5nm UNITY_NO_RGBM UNITY_ENABLE_REFLECTION_BUFFERS UNITY_FRAMEBUFFER_FETCH_AVAILABLE UNITY_NO_CUBEMAP_ARRAY UNITY_NO_SCREENSPACE_SHADOWS UNITY_PBS_USE_BRDF3 SHADER_API_MOBILE UNITY_HARDWARE_TIER1 UNITY_LIGHTMAP_DLDR_ENCODING ok=1
Cmd: compileSnippet
  api=14 type=1 insize=6654 outsize=4464 kw=UNITY_UI_CLIP_RECT UNITY_UI_ALPHACLIP pd=UNITY_NO_DXT5nm UNITY_NO_RGBM UNITY_ENABLE_REFLECTION_BUFFERS UNITY_FRAMEBUFFER_FETCH_AVAILABLE UNITY_NO_CUBEMAP_ARRAY UNITY_NO_SCREENSPACE_SHADOWS UNITY_PBS_USE_BRDF2 SHADER_API_MOBILE UNITY_HARDWARE_TIER3 UNITY_LIGHTMAP_DLDR_ENCODING ok=1
Cmd: compileSnippet
  api=14 type=0 insize=42743 outsize=8166 kw=UNITY_PASS_FORWARDBASE DIRECTIONAL pd=UNITY_NO_DXT5nm UNITY_NO_RGBM UNITY_ENABLE_REFLECTION_BUFFERS UNITY_FRAMEBUFFER_FETCH_AVAILABLE UNITY_NO_CUBEMAP_ARRAY UNITY_NO_SCREENSPACE_SHADOWS UNITY_PBS_USE_BRDF3 SHADER_API_MOBILE UNITY_HARDWARE_TIER1 UNITY_LIGHTMAP_DLDR_ENCODING ok=1
Cmd: compileSnippet
  api=14 type=1 insize=42743 outsize=5166 kw=UNITY_PASS_FORWARDBASE DIRECTIONAL LIGHTPROBE_SH pd=UNITY_NO_DXT5nm UNITY_NO_RGBM UNITY_ENABLE_REFLECTION_BUFFERS UNITY_FRAMEBUFFER_FETCH_AVAILABLE UNITY_NO_CUBEMAP_ARRAY UNITY_NO_SCREENSPACE_SHADOWS UNITY_PBS_USE_BRDF3 SHADER_API_MOBILE UNITY_HARDWARE_TIER1 UNITY_LIGHTMAP_DLDR_ENCODING ok=1
Cmd: compileSnippet
  api=14 type=0 insize=1255 outsize=2270 kw=UNITY_PASS_SHADOWCASTER SHADOWS_CUBE pd=UNITY_NO_DXT5nm UNITY_NO_RGBM UNITY_ENABLE_REFLECTION_BUFFERS UNITY_FRAMEBUFFER_FETCH_AVAILABLE UNITY_NO_CUBEMAP_ARRAY UNITY_NO_SCREENSPACE_SHADOWS UNITY_PBS_USE_BRDF2 SHADER_API_MOBILE UNITY_HARDWARE_TIER2 UNITY_LIGHTMAP_DLDR_ENCODING ok=1
Cmd: compileSnippet
  api=14 type=1 insize=1255 outsize=1084 kw=UNITY_PASS_SHADOWCASTER SHADOWS_CUBE pd=UNITY_NO_DXT5nm UNITY_NO_RGBM UNITY_ENABLE_REFLECTION_BUFFERS UNITY_FRAMEBUFFER_FETCH_AVAILABLE UNITY_NO_CUBEMAP_ARRAY UNITY_NO_SCREENSPACE_SHADOWS UNITY_PBS_USE_BRDF2 SHADER_API_MOBILE UNITY_HARDWARE_TIER3 UNITY_LIGHTMAP_DLDR_ENCODING ok=1
Cmd: compileSnippet
  api=14 type=0 insize=5171 outsize=6221 kw= pd=UNITY_NO_DXT5nm UNITY_NO_RGBM UNITY_ENABLE_REFLECTION_BUFFERS UNITY_FRAMEBUFFER_FETCH_AVAILABLE UNITY_NO_CUBEMAP_ARRAY UNITY_NO_SCREENSPACE_SHADOWS UNITY_PBS_USE_BRDF2 SHADER_API_MOBILE UNITY_HARDWARE_TIER2 UNITY_LIGHTMAP_DLDR_ENCODING ok=1
Cmd: compileSnippet
  api=14 type=1 insize=5171 outsize=1334 kw=UNITY_UI_ALPHACLIP pd=UNITY_NO_DXT5nm UNITY_NO_RGBM UNITY_ENABLE_REFLECTION_BUFFERS UNITY_FRAMEBUFFER_FETCH_AVAILABLE UNITY_NO_CUBEMAP_ARRAY UNITY_NO_SCREENSPACE_SHADOWS UNITY_PBS_USE_BRDF3 SHADER_API_MOBILE UNITY_HARDWARE_TIER1 UNITY_LIGHTMAP_DLDR_ENCODING ok=1
Cmd: compileSnippet
  api=14 type=1 insize=5171 outsize=1831 kw=UNITY_UI_CLIP_RECT UNITY_UI_ALPHACLIP pd=UNITY_NO_DXT5nm UNITY_NO_RGBM UNITY_ENABLE_REFLECTION_BUFFERS UNITY_FRAMEBUFFER_FETCH_AVAILABLE UNITY_NO_CUBEMAP_ARRAY UNITY_NO_SCREENSPACE_SHADOWS UNITY_PBS_USE_BRDF2 SHADER_API_MOBILE UNITY_HARDWARE_TIER2 UNITY_LIGHTMAP_DLDR_ENCODING ok=1
Cmd: compileSnippet
  api=14 type=0 insize=5529 outsize=6221 kw= pd=UNITY_NO_DXT5nm UNITY_NO_RGBM UNITY_ENABLE_REFLECTION_BUFFERS UNITY_FRAMEBUFFER_FETCH_AVAILABLE UNITY_NO_CUBEMAP_ARRAY UNITY_NO_SCREENSPACE_SHADOWS UNITY_PBS_USE_BRDF2 SHADER_API_MOBILE UNITY_HARDWARE_TIER3 UNITY_LIGHTMAP_DLDR_ENCODING ok=1
Cmd: compileSnippet
  api=14 type=1 insize=5529 outsize=2518 kw=UNITY_UI_ALPHACLIP pd=UNITY_NO_DXT5nm UNITY_NO_RGBM UNITY_ENABLE_REFLECTION_BUFFERS UNITY_FRAMEBUFFER_FETCH_AVAILABLE UNITY_NO_CUBEMAP_ARRAY UNITY_NO_SCREENSPACE_SHADOWS UNITY_PBS_USE_BRDF3 SHADER_API_MOBILE UNITY_HARDWARE_TIER1 UNITY_LIGHTMAP_DLDR_ENCODING ok=1
Cmd: compileSnippet
  api=14 type=1 insize=5529 outsize=2939 kw=UNITY_UI_CLIP_RECT UNITY_UI_ALPHACLIP pd=UNITY_NO_DXT5nm UNITY_NO_RGBM UNITY_ENABLE_REFLECTION_BUFFERS UNITY_FRAMEBUFFER_FETCH_AVAILABLE UNITY_NO_CUBEMAP_ARRAY UNITY_NO_SCREENSPACE_SHADOWS UNITY_PBS_USE_BRDF2 SHADER_API_MOBILE UNITY_HARDWARE_TIER3 UNITY_LIGHTMAP_DLDR_ENCODING ok=1
Cmd: compileSnippet
  api=14 type=0 insize=1673 outsize=1737 kw= pd=UNITY_NO_DXT5nm UNITY_NO_RGBM UNITY_ENABLE_REFLECTION_BUFFERS UNITY_FRAMEBUFFER_FETCH_AVAILABLE UNITY_NO_CUBEMAP_ARRAY UNITY_NO_SCREENSPACE_SHADOWS UNITY_PBS_USE_BRDF2 SHADER_API_MOBILE UNITY_HARDWARE_TIER3 UNITY_LIGHTMAP_DLDR_ENCODING ok=1
Cmd: compileSnippet
  api=14 type=1 insize=1673 outsize=1092 kw= pd=UNITY_NO_DXT5nm UNITY_NO_RGBM UNITY_ENABLE_REFLECTION_BUFFERS UNITY_FRAMEBUFFER_FETCH_AVAILABLE UNITY_NO_CUBEMAP_ARRAY UNITY_NO_SCREENSPACE_SHADOWS UNITY_PBS_USE_BRDF2 SHADER_API_MOBILE UNITY_HARDWARE_TIER2 UNITY_LIGHTMAP_DLDR_ENCODING ok=1
Cmd: compileSnippet
  api=14 type=1 insize=1673 outsize=1772 kw=UNITY_UI_CLIP_RECT UNITY_UI_ALPHACLIP pd=UNITY_NO_DXT5nm UNITY_NO_RGBM UNITY_ENABLE_REFLECTION_BUFFERS UNITY_FRAMEBUFFER_FETCH_AVAILABLE UNITY_NO_CUBEMAP_ARRAY UNITY_NO_SCREENSPACE_SHADOWS UNITY_PBS_USE_BRDF3 SHADER_API_MOBILE UNITY_HARDWARE_TIER1 UNITY_LIGHTMAP_DLDR_ENCODING ok=1
Cmd: compileSnippet
  api=14 type=0 insize=6656 outsize=6225 kw= pd=UNITY_NO_DXT5nm UNITY_NO_RGBM UNITY_ENABLE_REFLECTION_BUFFERS UNITY_FRAMEBUFFER_FETCH_AVAILABLE UNITY_NO_CUBEMAP_ARRAY UNITY_NO_SCREENSPACE_SHADOWS UNITY_PBS_USE_BRDF2 SHADER_API_MOBILE UNITY_HARDWARE_TIER3 UNITY_LIGHTMAP_DLDR_ENCODING ok=1
Cmd: compileSnippet
  api=14 type=1 insize=6656 outsize=4042 kw=UNITY_UI_ALPHACLIP pd=UNITY_NO_DXT5nm UNITY_NO_RGBM UNITY_ENABLE_REFLECTION_BUFFERS UNITY_FRAMEBUFFER_FETCH_AVAILABLE UNITY_NO_CUBEMAP_ARRAY UNITY_NO_SCREENSPACE_SHADOWS UNITY_PBS_USE_BRDF2 SHADER_API_MOBILE UNITY_HARDWARE_TIER2 UNITY_LIGHTMAP_DLDR_ENCODING ok=1
Cmd: compileSnippet
  api=14 type=1 insize=6656 outsize=4464 kw=UNITY_UI_CLIP_RECT UNITY_UI_ALPHACLIP pd=UNITY_NO_DXT5nm UNITY_NO_RGBM UNITY_ENABLE_REFLECTION_BUFFERS UNITY_FRAMEBUFFER_FETCH_AVAILABLE UNITY_NO_CUBEMAP_ARRAY UNITY_NO_SCREENSPACE_SHADOWS UNITY_PBS_USE_BRDF2 SHADER_API_MOBILE UNITY_HARDWARE_TIER2 UNITY_LIGHTMAP_DLDR_ENCODING ok=1
Cmd: compileSnippet
  api=14 type=0 insize=43440 outsize=8166 kw=UNITY_PASS_FORWARDBASE DIRECTIONAL pd=UNITY_NO_DXT5nm UNITY_NO_RGBM UNITY_ENABLE_REFLECTION_BUFFERS UNITY_FRAMEBUFFER_FETCH_AVAILABLE UNITY_NO_CUBEMAP_ARRAY UNITY_NO_SCREENSPACE_SHADOWS UNITY_PBS_USE_BRDF3 SHADER_API_MOBILE UNITY_HARDWARE_TIER1 UNITY_LIGHTMAP_DLDR_ENCODING ok=1
Cmd: compileSnippet
  api=14 type=0 insize=13370 outsize=7520 kw=UNITY_PASS_FORWARDADD DIRECTIONAL pd=UNITY_NO_DXT5nm UNITY_NO_RGBM UNITY_ENABLE_REFLECTION_BUFFERS UNITY_FRAMEBUFFER_FETCH_AVAILABLE UNITY_NO_CUBEMAP_ARRAY UNITY_NO_SCREENSPACE_SHADOWS UNITY_PBS_USE_BRDF2 SHADER_API_MOBILE UNITY_HARDWARE_TIER3 UNITY_LIGHTMAP_DLDR_ENCODING ok=1
Cmd: compileSnippet
  api=14 type=0 insize=13370 outsize=8118 kw=UNITY_PASS_FORWARDADD POINT_COOKIE pd=UNITY_NO_DXT5nm UNITY_NO_RGBM UNITY_ENABLE_REFLECTION_BUFFERS UNITY_FRAMEBUFFER_FETCH_AVAILABLE UNITY_NO_CUBEMAP_ARRAY UNITY_NO_SCREENSPACE_SHADOWS UNITY_PBS_USE_BRDF2 SHADER_API_MOBILE UNITY_HARDWARE_TIER3 UNITY_LIGHTMAP_DLDR_ENCODING ok=1
Cmd: compileSnippet
  api=14 type=1 insize=13370 outsize=10466 kw=UNITY_PASS_FORWARDADD POINT pd=UNITY_NO_DXT5nm UNITY_NO_RGBM UNITY_ENABLE_REFLECTION_BUFFERS UNITY_FRAMEBUFFER_FETCH_AVAILABLE UNITY_NO_CUBEMAP_ARRAY UNITY_NO_SCREENSPACE_SHADOWS UNITY_PBS_USE_BRDF2 SHADER_API_MOBILE UNITY_HARDWARE_TIER2 UNITY_LIGHTMAP_DLDR_ENCODING ok=1
Cmd: compileSnippet
  api=14 type=1 insize=13370 outsize=10245 kw=UNITY_PASS_FORWARDADD DIRECTIONAL_COOKIE pd=UNITY_NO_DXT5nm UNITY_NO_RGBM UNITY_ENABLE_REFLECTION_BUFFERS UNITY_FRAMEBUFFER_FETCH_AVAILABLE UNITY_NO_CUBEMAP_ARRAY UNITY_NO_SCREENSPACE_SHADOWS UNITY_PBS_USE_BRDF2 SHADER_API_MOBILE UNITY_HARDWARE_TIER3 UNITY_LIGHTMAP_DLDR_ENCODING ok=1
Cmd: compileSnippet
  api=14 type=0 insize=1243 outsize=2457 kw=UNITY_PASS_SHADOWCASTER SHADOWS_DEPTH pd=UNITY_NO_DXT5nm UNITY_NO_RGBM UNITY_ENABLE_REFLECTION_BUFFERS UNITY_FRAMEBUFFER_FETCH_AVAILABLE UNITY_NO_CUBEMAP_ARRAY UNITY_NO_SCREENSPACE_SHADOWS UNITY_PBS_USE_BRDF2 SHADER_API_MOBILE UNITY_HARDWARE_TIER3 UNITY_LIGHTMAP_DLDR_ENCODING ok=1
Cmd: compileSnippet
  api=14 type=1 insize=1243 outsize=1084 kw=UNITY_PASS_SHADOWCASTER SHADOWS_CUBE pd=UNITY_NO_DXT5nm UNITY_NO_RGBM UNITY_ENABLE_REFLECTION_BUFFERS UNITY_FRAMEBUFFER_FETCH_AVAILABLE UNITY_NO_CUBEMAP_ARRAY UNITY_NO_SCREENSPACE_SHADOWS UNITY_PBS_USE_BRDF2 SHADER_API_MOBILE UNITY_HARDWARE_TIER2 UNITY_LIGHTMAP_DLDR_ENCODING ok=1
Cmd: compileSnippet
  api=14 type=0 insize=5169 outsize=6221 kw= pd=UNITY_NO_DXT5nm UNITY_NO_RGBM UNITY_ENABLE_REFLECTION_BUFFERS UNITY_FRAMEBUFFER_FETCH_AVAILABLE UNITY_NO_CUBEMAP_ARRAY UNITY_NO_SCREENSPACE_SHADOWS UNITY_PBS_USE_BRDF3 SHADER_API_MOBILE UNITY_HARDWARE_TIER1 UNITY_LIGHTMAP_DLDR_ENCODING ok=1
Cmd: compileSnippet
  api=14 type=0 insize=5169 outsize=6221 kw=UNITY_UI_ALPHACLIP OUTLINE_ON pd=UNITY_NO_DXT5nm UNITY_NO_RGBM UNITY_ENABLE_REFLECTION_BUFFERS UNITY_FRAMEBUFFER_FETCH_AVAILABLE UNITY_NO_CUBEMAP_ARRAY UNITY_NO_SCREENSPACE_SHADOWS UNITY_PBS_USE_BRDF2 SHADER_API_MOBILE UNITY_HARDWARE_TIER2 UNITY_LIGHTMAP_DLDR_ENCODING ok=1
Cmd: compileSnippet
  api=14 type=0 insize=5169 outsize=6221 kw=UNITY_UI_CLIP_RECT OUTLINE_ON pd=UNITY_NO_DXT5nm UNITY_NO_RGBM UNITY_ENABLE_REFLECTION_BUFFERS UNITY_FRAMEBUFFER_FETCH_AVAILABLE UNITY_NO_CUBEMAP_ARRAY UNITY_NO_SCREENSPACE_SHADOWS UNITY_PBS_USE_BRDF3 SHADER_API_MOBILE UNITY_HARDWARE_TIER1 UNITY_LIGHTMAP_DLDR_ENCODING ok=1
Cmd: compileSnippet
  api=14 type=0 insize=5169 outsize=7574 kw=UNITY_UI_CLIP_RECT OUTLINE_ON UNDERLAY_ON pd=UNITY_NO_DXT5nm UNITY_NO_RGBM UNITY_ENABLE_REFLECTION_BUFFERS UNITY_FRAMEBUFFER_FETCH_AVAILABLE UNITY_NO_CUBEMAP_ARRAY UNITY_NO_SCREENSPACE_SHADOWS UNITY_PBS_USE_BRDF2 SHADER_API_MOBILE UNITY_HARDWARE_TIER3 UNITY_LIGHTMAP_DLDR_ENCODING ok=1
Cmd: compileSnippet
  api=14 type=1 insize=5169 outsize=1273 kw=OUTLINE_ON pd=UNITY_NO_DXT5nm UNITY_NO_RGBM UNITY_ENABLE_REFLECTION_BUFFERS UNITY_FRAMEBUFFER_FETCH_AVAILABLE UNITY_NO_CUBEMAP_ARRAY UNITY_NO_SCREENSPACE_SHADOWS UNITY_PBS_USE_BRDF3 SHADER_API_MOBILE UNITY_HARDWARE_TIER1 UNITY_LIGHTMAP_DLDR_ENCODING ok=1
Cmd: compileSnippet
  api=14 type=1 insize=5169 outsize=1334 kw=UNITY_UI_ALPHACLIP pd=UNITY_NO_DXT5nm UNITY_NO_RGBM UNITY_ENABLE_REFLECTION_BUFFERS UNITY_FRAMEBUFFER_FETCH_AVAILABLE UNITY_NO_CUBEMAP_ARRAY UNITY_NO_SCREENSPACE_SHADOWS UNITY_PBS_USE_BRDF2 SHADER_API_MOBILE UNITY_HARDWARE_TIER2 UNITY_LIGHTMAP_DLDR_ENCODING ok=1
Cmd: compileSnippet
  api=14 type=1 insize=5169 outsize=2319 kw=UNITY_UI_ALPHACLIP OUTLINE_ON UNDERLAY_ON pd=UNITY_NO_DXT5nm UNITY_NO_RGBM UNITY_ENABLE_REFLECTION_BUFFERS UNITY_FRAMEBUFFER_FETCH_AVAILABLE UNITY_NO_CUBEMAP_ARRAY UNITY_NO_SCREENSPACE_SHADOWS UNITY_PBS_USE_BRDF2 SHADER_API_MOBILE UNITY_HARDWARE_TIER3 UNITY_LIGHTMAP_DLDR_ENCODING ok=1
Cmd: compileSnippet
  api=14 type=1 insize=5169 outsize=1831 kw=UNITY_UI_CLIP_RECT UNITY_UI_ALPHACLIP pd=UNITY_NO_DXT5nm UNITY_NO_RGBM UNITY_ENABLE_REFLECTION_BUFFERS UNITY_FRAMEBUFFER_FETCH_AVAILABLE UNITY_NO_CUBEMAP_ARRAY UNITY_NO_SCREENSPACE_SHADOWS UNITY_PBS_USE_BRDF3 SHADER_API_MOBILE UNITY_HARDWARE_TIER1 UNITY_LIGHTMAP_DLDR_ENCODING ok=1
Cmd: compileSnippet
  api=14 type=1 insize=5169 outsize=2737 kw=UNITY_UI_CLIP_RECT UNITY_UI_ALPHACLIP OUTLINE_ON UNDERLAY_ON pd=UNITY_NO_DXT5nm UNITY_NO_RGBM UNITY_ENABLE_REFLECTION_BUFFERS UNITY_FRAMEBUFFER_FETCH_AVAILABLE UNITY_NO_CUBEMAP_ARRAY UNITY_NO_SCREENSPACE_SHADOWS UNITY_PBS_USE_BRDF2 SHADER_API_MOBILE UNITY_HARDWARE_TIER3 UNITY_LIGHTMAP_DLDR_ENCODING ok=1
Cmd: compileSnippet
  api=14 type=1 insize=1564 outsize=6704 kw=UNITY_PASS_FORWARDBASE DIRECTIONAL LIGHTPROBE_SH pd=UNITY_NO_DXT5nm UNITY_NO_RGBM UNITY_ENABLE_REFLECTION_BUFFERS UNITY_FRAMEBUFFER_FETCH_AVAILABLE UNITY_NO_CUBEMAP_ARRAY UNITY_NO_SCREENSPACE_SHADOWS UNITY_PBS_USE_BRDF2 SHADER_API_MOBILE UNITY_HARDWARE_TIER2 UNITY_LIGHTMAP_DLDR_ENCODING ok=1
Cmd: compileSnippet
  api=14 type=1 insize=1426 outsize=3606 kw=UNITY_PASS_FORWARDADD DIRECTIONAL pd=UNITY_NO_DXT5nm UNITY_NO_RGBM UNITY_ENABLE_REFLECTION_BUFFERS UNITY_FRAMEBUFFER_FETCH_AVAILABLE UNITY_NO_CUBEMAP_ARRAY UNITY_NO_SCREENSPACE_SHADOWS UNITY_PBS_USE_BRDF2 SHADER_API_MOBILE UNITY_HARDWARE_TIER2 UNITY_LIGHTMAP_DLDR_ENCODING ok=1
Cmd: compileSnippet
  api=14 type=1 insize=1426 outsize=5028 kw=UNITY_PASS_FORWARDADD SPOT pd=UNITY_NO_DXT5nm UNITY_NO_RGBM UNITY_ENABLE_REFLECTION_BUFFERS UNITY_FRAMEBUFFER_FETCH_AVAILABLE UNITY_NO_CUBEMAP_ARRAY UNITY_NO_SCREENSPACE_SHADOWS UNITY_PBS_USE_BRDF2 SHADER_API_MOBILE UNITY_HARDWARE_TIER3 UNITY_LIGHTMAP_DLDR_ENCODING ok=1
Cmd: compileSnippet
  api=14 type=1 insize=1426 outsize=7587 kw=UNITY_PASS_FORWARDADD SPOT SHADOWS_DEPTH SHADOWS_SOFT pd=UNITY_NO_DXT5nm UNITY_NO_RGBM UNITY_ENABLE_REFLECTION_BUFFERS UNITY_FRAMEBUFFER_FETCH_AVAILABLE UNITY_NO_CUBEMAP_ARRAY UNITY_NO_SCREENSPACE_SHADOWS UNITY_PBS_USE_BRDF3 SHADER_API_MOBILE UNITY_HARDWARE_TIER1 UNITY_LIGHTMAP_DLDR_ENCODING ok=1
Cmd: compileSnippet
  api=14 type=1 insize=1426 outsize=6771 kw=UNITY_PASS_FORWARDADD POINT SHADOWS_CUBE pd=UNITY_NO_DXT5nm UNITY_NO_RGBM UNITY_ENABLE_REFLECTION_BUFFERS UNITY_FRAMEBUFFER_FETCH_AVAILABLE UNITY_NO_CUBEMAP_ARRAY UNITY_NO_SCREENSPACE_SHADOWS UNITY_PBS_USE_BRDF2 SHADER_API_MOBILE UNITY_HARDWARE_TIER2 UNITY_LIGHTMAP_DLDR_ENCODING ok=1
Cmd: compileSnippet
  api=14 type=1 insize=1426 outsize=7023 kw=UNITY_PASS_FORWARDADD POINT_COOKIE SHADOWS_CUBE pd=UNITY_NO_DXT5nm UNITY_NO_RGBM UNITY_ENABLE_REFLECTION_BUFFERS UNITY_FRAMEBUFFER_FETCH_AVAILABLE UNITY_NO_CUBEMAP_ARRAY UNITY_NO_SCREENSPACE_SHADOWS UNITY_PBS_USE_BRDF2 SHADER_API_MOBILE UNITY_HARDWARE_TIER3 UNITY_LIGHTMAP_DLDR_ENCODING ok=1
Cmd: compileSnippet
  api=14 type=1 insize=1278 outsize=533 kw=UNITY_PASS_SHADOWCASTER SHADOWS_DEPTH pd=UNITY_NO_DXT5nm UNITY_NO_RGBM UNITY_ENABLE_REFLECTION_BUFFERS UNITY_FRAMEBUFFER_FETCH_AVAILABLE UNITY_NO_CUBEMAP_ARRAY UNITY_NO_SCREENSPACE_SHADOWS UNITY_PBS_USE_BRDF2 SHADER_API_MOBILE UNITY_HARDWARE_TIER3 UNITY_LIGHTMAP_DLDR_ENCODING ok=1
Cmd: compileSnippet
  api=14 type=1 insize=1520 outsize=2480 kw=UNITY_PASS_DEFERRED pd=UNITY_NO_DXT5nm UNITY_NO_RGBM UNITY_ENABLE_REFLECTION_BUFFERS UNITY_FRAMEBUFFER_FETCH_AVAILABLE UNITY_NO_CUBEMAP_ARRAY UNITY_NO_SCREENSPACE_SHADOWS UNITY_PBS_USE_BRDF2 SHADER_API_MOBILE UNITY_HARDWARE_TIER2 UNITY_LIGHTMAP_DLDR_ENCODING ok=1
Cmd: compileSnippet
  api=14 type=1 insize=1368 outsize=5175 kw=UNITY_PASS_FORWARDBASE DIRECTIONAL LIGHTPROBE_SH pd=UNITY_NO_DXT5nm UNITY_NO_RGBM UNITY_ENABLE_REFLECTION_BUFFERS UNITY_FRAMEBUFFER_FETCH_AVAILABLE UNITY_NO_CUBEMAP_ARRAY UNITY_NO_SCREENSPACE_SHADOWS UNITY_PBS_USE_BRDF2 SHADER_API_MOBILE UNITY_HARDWARE_TIER3 UNITY_LIGHTMAP_DLDR_ENCODING ok=1
Cmd: compileSnippet
  api=14 type=1 insize=1234 outsize=2936 kw=UNITY_PASS_FORWARDADD DIRECTIONAL pd=UNITY_NO_DXT5nm UNITY_NO_RGBM UNITY_ENABLE_REFLECTION_BUFFERS UNITY_FRAMEBUFFER_FETCH_AVAILABLE UNITY_NO_CUBEMAP_ARRAY UNITY_NO_SCREENSPACE_SHADOWS UNITY_PBS_USE_BRDF2 SHADER_API_MOBILE UNITY_HARDWARE_TIER3 UNITY_LIGHTMAP_DLDR_ENCODING ok=1
Cmd: compileSnippet
  api=14 type=1 insize=1234 outsize=4009 kw=UNITY_PASS_FORWARDADD POINT_COOKIE pd=UNITY_NO_DXT5nm UNITY_NO_RGBM UNITY_ENABLE_REFLECTION_BUFFERS UNITY_FRAMEBUFFER_FETCH_AVAILABLE UNITY_NO_CUBEMAP_ARRAY UNITY_NO_SCREENSPACE_SHADOWS UNITY_PBS_USE_BRDF3 SHADER_API_MOBILE UNITY_HARDWARE_TIER1 UNITY_LIGHTMAP_DLDR_ENCODING ok=1
Cmd: compileSnippet
  api=14 type=1 insize=1234 outsize=5191 kw=UNITY_PASS_FORWARDADD DIRECTIONAL SHADOWS_SCREEN pd=UNITY_NO_DXT5nm UNITY_NO_RGBM UNITY_ENABLE_REFLECTION_BUFFERS UNITY_FRAMEBUFFER_FETCH_AVAILABLE UNITY_NO_CUBEMAP_ARRAY UNITY_NO_SCREENSPACE_SHADOWS UNITY_PBS_USE_BRDF3 SHADER_API_MOBILE UNITY_HARDWARE_TIER1 UNITY_LIGHTMAP_DLDR_ENCODING ok=1
Cmd: compileSnippet
  api=14 type=1 insize=1234 outsize=5150 kw=UNITY_PASS_FORWARDADD POINT_COOKIE SHADOWS_CUBE pd=UNITY_NO_DXT5nm UNITY_NO_RGBM UNITY_ENABLE_REFLECTION_BUFFERS UNITY_FRAMEBUFFER_FETCH_AVAILABLE UNITY_NO_CUBEMAP_ARRAY UNITY_NO_SCREENSPACE_SHADOWS UNITY_PBS_USE_BRDF2 SHADER_API_MOBILE UNITY_HARDWARE_TIER2 UNITY_LIGHTMAP_DLDR_ENCODING ok=1
Cmd: compileSnippet
  api=14 type=1 insize=977 outsize=533 kw=UNITY_PASS_SHADOWCASTER SHADOWS_CUBE pd=UNITY_NO_DXT5nm UNITY_NO_RGBM UNITY_ENABLE_REFLECTION_BUFFERS UNITY_FRAMEBUFFER_FETCH_AVAILABLE UNITY_NO_CUBEMAP_ARRAY UNITY_NO_SCREENSPACE_SHADOWS UNITY_PBS_USE_BRDF3 SHADER_API_MOBILE UNITY_HARDWARE_TIER1 UNITY_LIGHTMAP_DLDR_ENCODING ok=1
Cmd: compileSnippet
  api=14 type=0 insize=16902 outsize=10042 kw=_SUNDISK_NONE pd=UNITY_NO_DXT5nm UNITY_NO_RGBM UNITY_ENABLE_REFLECTION_BUFFERS UNITY_FRAMEBUFFER_FETCH_AVAILABLE UNITY_NO_CUBEMAP_ARRAY UNITY_NO_SCREENSPACE_SHADOWS UNITY_PBS_USE_BRDF2 SHADER_API_MOBILE UNITY_HARDWARE_TIER3 UNITY_LIGHTMAP_DLDR_ENCODING ok=1
Cmd: compileSnippet
  api=14 type=0 insize=16902 outsize=10564 kw=_SUNDISK_HIGH_QUALITY pd=UNITY_NO_DXT5nm UNITY_NO_RGBM UNITY_ENABLE_REFLECTION_BUFFERS UNITY_FRAMEBUFFER_FETCH_AVAILABLE UNITY_NO_CUBEMAP_ARRAY UNITY_NO_SCREENSPACE_SHADOWS UNITY_PBS_USE_BRDF2 SHADER_API_MOBILE UNITY_HARDWARE_TIER3 UNITY_LIGHTMAP_DLDR_ENCODING ok=1
Cmd: compileSnippet
  api=14 type=1 insize=16902 outsize=998 kw=_SUNDISK_NONE pd=UNITY_NO_DXT5nm UNITY_NO_RGBM UNITY_ENABLE_REFLECTION_BUFFERS UNITY_FRAMEBUFFER_FETCH_AVAILABLE UNITY_NO_CUBEMAP_ARRAY UNITY_NO_SCREENSPACE_SHADOWS UNITY_PBS_USE_BRDF3 SHADER_API_MOBILE UNITY_HARDWARE_TIER1 UNITY_LIGHTMAP_DLDR_ENCODING ok=1
Cmd: compileSnippet
  api=14 type=1 insize=5099 outsize=1087 kw= pd=UNITY_NO_DXT5nm UNITY_NO_RGBM UNITY_ENABLE_REFLECTION_BUFFERS UNITY_FRAMEBUFFER_FETCH_AVAILABLE UNITY_NO_CUBEMAP_ARRAY UNITY_NO_SCREENSPACE_SHADOWS UNITY_PBS_USE_BRDF2 SHADER_API_MOBILE UNITY_HARDWARE_TIER2 UNITY_LIGHTMAP_DLDR_ENCODING ok=1
Cmd: compileSnippet
  api=14 type=0 insize=17531 outsize=2446 kw=UNITY_PASS_FORWARDBASE DIRECTIONAL SHADOWS_SCREEN pd=UNITY_NO_DXT5nm UNITY_NO_RGBM UNITY_ENABLE_REFLECTION_BUFFERS UNITY_FRAMEBUFFER_FETCH_AVAILABLE UNITY_NO_CUBEMAP_ARRAY UNITY_NO_SCREENSPACE_SHADOWS UNITY_PBS_USE_BRDF2 SHADER_API_MOBILE UNITY_HARDWARE_TIER2 UNITY_LIGHTMAP_DLDR_ENCODING ok=1
Cmd: compileSnippet
  api=14 type=0 insize=17531 outsize=3110 kw=UNITY_PASS_FORWARDBASE DIRECTIONAL SHADOWS_SCREEN LIGHTPROBE_SH pd=UNITY_NO_DXT5nm UNITY_NO_RGBM UNITY_ENABLE_REFLECTION_BUFFERS UNITY_FRAMEBUFFER_FETCH_AVAILABLE UNITY_NO_CUBEMAP_ARRAY UNITY_NO_SCREENSPACE_SHADOWS UNITY_PBS_USE_BRDF2 SHADER_API_MOBILE UNITY_HARDWARE_TIER3 UNITY_LIGHTMAP_DLDR_ENCODING ok=1
Cmd: compileSnippet
  api=14 type=0 insize=17531 outsize=2446 kw=UNITY_PASS_FORWARDBASE DIRECTIONAL SHADOWS_SCREEN VERTEXLIGHT_ON pd=UNITY_NO_DXT5nm UNITY_NO_RGBM UNITY_ENABLE_REFLECTION_BUFFERS UNITY_FRAMEBUFFER_FETCH_AVAILABLE UNITY_NO_CUBEMAP_ARRAY UNITY_NO_SCREENSPACE_SHADOWS UNITY_PBS_USE_BRDF3 SHADER_API_MOBILE UNITY_HARDWARE_TIER1 UNITY_LIGHTMAP_DLDR_ENCODING ok=1
Cmd: compileSnippet
  api=14 type=1 insize=17531 outsize=1551 kw=UNITY_PASS_FORWARDBASE DIRECTIONAL LIGHTPROBE_SH pd=UNITY_NO_DXT5nm UNITY_NO_RGBM UNITY_ENABLE_REFLECTION_BUFFERS UNITY_FRAMEBUFFER_FETCH_AVAILABLE UNITY_NO_CUBEMAP_ARRAY UNITY_NO_SCREENSPACE_SHADOWS UNITY_PBS_USE_BRDF2 SHADER_API_MOBILE UNITY_HARDWARE_TIER3 UNITY_LIGHTMAP_DLDR_ENCODING ok=1
Cmd: compileSnippet
  api=14 type=1 insize=17531 outsize=4162 kw=UNITY_PASS_FORWARDBASE DIRECTIONAL SHADOWS_SCREEN LIGHTPROBE_SH pd=UNITY_NO_DXT5nm UNITY_NO_RGBM UNITY_ENABLE_REFLECTION_BUFFERS UNITY_FRAMEBUFFER_FETCH_AVAILABLE UNITY_NO_CUBEMAP_ARRAY UNITY_NO_SCREENSPACE_SHADOWS UNITY_PBS_USE_BRDF2 SHADER_API_MOBILE UNITY_HARDWARE_TIER3 UNITY_LIGHTMAP_DLDR_ENCODING ok=1
Cmd: compileSnippet
  api=14 type=0 insize=4349 outsize=2947 kw=UNITY_PASS_FORWARDADD POINT pd=UNITY_NO_DXT5nm UNITY_NO_RGBM UNITY_ENABLE_REFLECTION_BUFFERS UNITY_FRAMEBUFFER_FETCH_AVAILABLE UNITY_NO_CUBEMAP_ARRAY UNITY_NO_SCREENSPACE_SHADOWS UNITY_PBS_USE_BRDF2 SHADER_API_MOBILE UNITY_HARDWARE_TIER3 UNITY_LIGHTMAP_DLDR_ENCODING ok=1
Cmd: compileSnippet
  api=14 type=0 insize=4349 outsize=2927 kw=UNITY_PASS_FORWARDADD DIRECTIONAL_COOKIE pd=UNITY_NO_DXT5nm UNITY_NO_RGBM UNITY_ENABLE_REFLECTION_BUFFERS UNITY_FRAMEBUFFER_FETCH_AVAILABLE UNITY_NO_CUBEMAP_ARRAY UNITY_NO_SCREENSPACE_SHADOWS UNITY_PBS_USE_BRDF2 SHADER_API_MOBILE UNITY_HARDWARE_TIER3 UNITY_LIGHTMAP_DLDR_ENCODING ok=1
Cmd: compileSnippet
  api=14 type=1 insize=4349 outsize=2406 kw=UNITY_PASS_FORWARDADD POINT pd=UNITY_NO_DXT5nm UNITY_NO_RGBM UNITY_ENABLE_REFLECTION_BUFFERS UNITY_FRAMEBUFFER_FETCH_AVAILABLE UNITY_NO_CUBEMAP_ARRAY UNITY_NO_SCREENSPACE_SHADOWS UNITY_PBS_USE_BRDF3 SHADER_API_MOBILE UNITY_HARDWARE_TIER1 UNITY_LIGHTMAP_DLDR_ENCODING ok=1
Cmd: compileSnippet
  api=14 type=1 insize=4349 outsize=2153 kw=UNITY_PASS_FORWARDADD DIRECTIONAL_COOKIE pd=UNITY_NO_DXT5nm UNITY_NO_RGBM UNITY_ENABLE_REFLECTION_BUFFERS UNITY_FRAMEBUFFER_FETCH_AVAILABLE UNITY_NO_CUBEMAP_ARRAY UNITY_NO_SCREENSPACE_SHADOWS UNITY_PBS_USE_BRDF2 SHADER_API_MOBILE UNITY_HARDWARE_TIER2 UNITY_LIGHTMAP_DLDR_ENCODING ok=1
Cmd: compileSnippet
  api=14 type=0 insize=6649 outsize=2045 kw=UNITY_PASS_PREPASSBASE pd=UNITY_NO_DXT5nm UNITY_NO_RGBM UNITY_ENABLE_REFLECTION_BUFFERS UNITY_FRAMEBUFFER_FETCH_AVAILABLE UNITY_NO_CUBEMAP_ARRAY UNITY_NO_SCREENSPACE_SHADOWS UNITY_PBS_USE_BRDF3 SHADER_API_MOBILE UNITY_HARDWARE_TIER1 UNITY_LIGHTMAP_DLDR_ENCODING ok=1
Cmd: compileSnippet
  api=14 type=0 insize=12625 outsize=3625 kw=UNITY_PASS_PREPASSFINAL LIGHTPROBE_SH pd=UNITY_NO_DXT5nm UNITY_NO_RGBM UNITY_ENABLE_REFLECTION_BUFFERS UNITY_FRAMEBUFFER_FETCH_AVAILABLE UNITY_NO_CUBEMAP_ARRAY UNITY_NO_SCREENSPACE_SHADOWS UNITY_PBS_USE_BRDF3 SHADER_API_MOBILE UNITY_HARDWARE_TIER1 UNITY_LIGHTMAP_DLDR_ENCODING ok=1
Cmd: compileSnippet
  api=14 type=1 insize=12625 outsize=1690 kw=UNITY_PASS_PREPASSFINAL pd=UNITY_NO_DXT5nm UNITY_NO_RGBM UNITY_ENABLE_REFLECTION_BUFFERS UNITY_FRAMEBUFFER_FETCH_AVAILABLE UNITY_NO_CUBEMAP_ARRAY UNITY_NO_SCREENSPACE_SHADOWS UNITY_PBS_USE_BRDF3 SHADER_API_MOBILE UNITY_HARDWARE_TIER1 UNITY_LIGHTMAP_DLDR_ENCODING ok=1
Cmd: compileSnippet
  api=14 type=0 insize=12767 outsize=3428 kw=UNITY_PASS_DEFERRED LIGHTPROBE_SH pd=UNITY_NO_DXT5nm UNITY_NO_RGBM UNITY_ENABLE_REFLECTION_BUFFERS UNITY_FRAMEBUFFER_FETCH_AVAILABLE UNITY_NO_CUBEMAP_ARRAY UNITY_NO_SCREENSPACE_SHADOWS UNITY_PBS_USE_BRDF2 SHADER_API_MOBILE UNITY_HARDWARE_TIER3 UNITY_LIGHTMAP_DLDR_ENCODING ok=1
Cmd: compileSnippet
  api=14 type=1 insize=12767 outsize=1514 kw=UNITY_PASS_DEFERRED pd=UNITY_NO_DXT5nm UNITY_NO_RGBM UNITY_ENABLE_REFLECTION_BUFFERS UNITY_FRAMEBUFFER_FETCH_AVAILABLE UNITY_NO_CUBEMAP_ARRAY UNITY_NO_SCREENSPACE_SHADOWS UNITY_PBS_USE_BRDF3 SHADER_API_MOBILE UNITY_HARDWARE_TIER1 UNITY_LIGHTMAP_DLDR_ENCODING ok=1
Cmd: compileSnippet
  api=14 type=0 insize=3877 outsize=2439 kw=UNITY_PASS_META EDITOR_VISUALIZATION pd=UNITY_NO_DXT5nm UNITY_NO_RGBM UNITY_ENABLE_REFLECTION_BUFFERS UNITY_FRAMEBUFFER_FETCH_AVAILABLE UNITY_NO_CUBEMAP_ARRAY UNITY_NO_SCREENSPACE_SHADOWS UNITY_PBS_USE_BRDF2 SHADER_API_MOBILE UNITY_HARDWARE_TIER3 UNITY_LIGHTMAP_DLDR_ENCODING ok=1
Cmd: compileSnippet
  api=14 type=1 insize=3877 outsize=12681 kw=UNITY_PASS_META EDITOR_VISUALIZATION pd=UNITY_NO_DXT5nm UNITY_NO_RGBM UNITY_ENABLE_REFLECTION_BUFFERS UNITY_FRAMEBUFFER_FETCH_AVAILABLE UNITY_NO_CUBEMAP_ARRAY UNITY_NO_SCREENSPACE_SHADOWS UNITY_PBS_USE_BRDF3 SHADER_API_MOBILE UNITY_HARDWARE_TIER1 UNITY_LIGHTMAP_DLDR_ENCODING ok=1
Cmd: compileSnippet
  api=14 type=0 insize=1145 outsize=1331 kw= pd=UNITY_NO_DXT5nm UNITY_NO_RGBM UNITY_ENABLE_REFLECTION_BUFFERS UNITY_FRAMEBUFFER_FETCH_AVAILABLE UNITY_NO_CUBEMAP_ARRAY UNITY_NO_SCREENSPACE_SHADOWS UNITY_PBS_USE_BRDF2 SHADER_API_MOBILE UNITY_HARDWARE_TIER2 UNITY_LIGHTMAP_DLDR_ENCODING ok=1
Cmd: compileSnippet
  api=14 type=1 insize=1145 outsize=533 kw= pd=UNITY_NO_DXT5nm UNITY_NO_RGBM UNITY_ENABLE_REFLECTION_BUFFERS UNITY_FRAMEBUFFER_FETCH_AVAILABLE UNITY_NO_CUBEMAP_ARRAY UNITY_NO_SCREENSPACE_SHADOWS UNITY_PBS_USE_BRDF3 SHADER_API_MOBILE UNITY_HARDWARE_TIER1 UNITY_LIGHTMAP_DLDR_ENCODING ok=1
Cmd: compileSnippet
  api=14 type=0 insize=914 outsize=3873 kw= pd=UNITY_NO_DXT5nm UNITY_NO_RGBM UNITY_ENABLE_REFLECTION_BUFFERS UNITY_FRAMEBUFFER_FETCH_AVAILABLE UNITY_NO_CUBEMAP_ARRAY UNITY_NO_SCREENSPACE_SHADOWS UNITY_PBS_USE_BRDF3 SHADER_API_MOBILE UNITY_HARDWARE_TIER1 UNITY_LIGHTMAP_DLDR_ENCODING ok=1
Cmd: compileSnippet
  api=14 type=1 insize=914 outsize=1033 kw= pd=UNITY_NO_DXT5nm UNITY_NO_RGBM UNITY_ENABLE_REFLECTION_BUFFERS UNITY_FRAMEBUFFER_FETCH_AVAILABLE UNITY_NO_CUBEMAP_ARRAY UNITY_NO_SCREENSPACE_SHADOWS UNITY_PBS_USE_BRDF3 SHADER_API_MOBILE UNITY_HARDWARE_TIER1 UNITY_LIGHTMAP_DLDR_ENCODING ok=1
Cmd: compileSnippet
  api=14 type=0 insize=1179 outsize=4084 kw= pd=UNITY_NO_DXT5nm UNITY_NO_RGBM UNITY_ENABLE_REFLECTION_BUFFERS UNITY_FRAMEBUFFER_FETCH_AVAILABLE UNITY_NO_CUBEMAP_ARRAY UNITY_NO_SCREENSPACE_SHADOWS UNITY_PBS_USE_BRDF2 SHADER_API_MOBILE UNITY_HARDWARE_TIER3 UNITY_LIGHTMAP_DLDR_ENCODING ok=1
Cmd: compileSnippet
  api=14 type=1 insize=1062 outsize=1033 kw= pd=UNITY_NO_DXT5nm UNITY_NO_RGBM UNITY_ENABLE_REFLECTION_BUFFERS UNITY_FRAMEBUFFER_FETCH_AVAILABLE UNITY_NO_CUBEMAP_ARRAY UNITY_NO_SCREENSPACE_SHADOWS UNITY_PBS_USE_BRDF2 SHADER_API_MOBILE UNITY_HARDWARE_TIER2 UNITY_LIGHTMAP_DLDR_ENCODING ok=1
Cmd: compileSnippet
  api=14 type=0 insize=1186 outsize=6572 kw= pd=UNITY_NO_DXT5nm UNITY_NO_RGBM UNITY_ENABLE_REFLECTION_BUFFERS UNITY_FRAMEBUFFER_FETCH_AVAILABLE UNITY_NO_CUBEMAP_ARRAY UNITY_NO_SCREENSPACE_SHADOWS UNITY_PBS_USE_BRDF3 SHADER_API_MOBILE UNITY_HARDWARE_TIER1 UNITY_LIGHTMAP_DLDR_ENCODING ok=1
Cmd: compileSnippet
  api=14 type=1 insize=1128 outsize=1033 kw= pd=UNITY_NO_DXT5nm UNITY_NO_RGBM UNITY_ENABLE_REFLECTION_BUFFERS UNITY_FRAMEBUFFER_FETCH_AVAILABLE UNITY_NO_CUBEMAP_ARRAY UNITY_NO_SCREENSPACE_SHADOWS UNITY_PBS_USE_BRDF2 SHADER_API_MOBILE UNITY_HARDWARE_TIER3 UNITY_LIGHTMAP_DLDR_ENCODING ok=1
Cmd: compileSnippet
  api=14 type=0 insize=1337 outsize=5025 kw= pd=UNITY_NO_DXT5nm UNITY_NO_RGBM UNITY_ENABLE_REFLECTION_BUFFERS UNITY_FRAMEBUFFER_FETCH_AVAILABLE UNITY_NO_CUBEMAP_ARRAY UNITY_NO_SCREENSPACE_SHADOWS UNITY_PBS_USE_BRDF2 SHADER_API_MOBILE UNITY_HARDWARE_TIER2 UNITY_LIGHTMAP_DLDR_ENCODING ok=1
Cmd: compileSnippet
  api=14 type=1 insize=1337 outsize=1578 kw= pd=UNITY_NO_DXT5nm UNITY_NO_RGBM UNITY_ENABLE_REFLECTION_BUFFERS UNITY_FRAMEBUFFER_FETCH_AVAILABLE UNITY_NO_CUBEMAP_ARRAY UNITY_NO_SCREENSPACE_SHADOWS UNITY_PBS_USE_BRDF2 SHADER_API_MOBILE UNITY_HARDWARE_TIER2 UNITY_LIGHTMAP_DLDR_ENCODING ok=1
Cmd: compileSnippet
  api=14 type=0 insize=1344 outsize=5059 kw= pd=UNITY_NO_DXT5nm UNITY_NO_RGBM UNITY_ENABLE_REFLECTION_BUFFERS UNITY_FRAMEBUFFER_FETCH_AVAILABLE UNITY_NO_CUBEMAP_ARRAY UNITY_NO_SCREENSPACE_SHADOWS UNITY_PBS_USE_BRDF2 SHADER_API_MOBILE UNITY_HARDWARE_TIER2 UNITY_LIGHTMAP_DLDR_ENCODING ok=1
Cmd: compileSnippet
  api=14 type=1 insize=1344 outsize=1578 kw= pd=UNITY_NO_DXT5nm UNITY_NO_RGBM UNITY_ENABLE_REFLECTION_BUFFERS UNITY_FRAMEBUFFER_FETCH_AVAILABLE UNITY_NO_CUBEMAP_ARRAY UNITY_NO_SCREENSPACE_SHADOWS UNITY_PBS_USE_BRDF2 SHADER_API_MOBILE UNITY_HARDWARE_TIER3 UNITY_LIGHTMAP_DLDR_ENCODING ok=1
Cmd: compileSnippet
  api=14 type=0 insize=1206 outsize=3219 kw= pd=UNITY_NO_DXT5nm UNITY_NO_RGBM UNITY_ENABLE_REFLECTION_BUFFERS UNITY_FRAMEBUFFER_FETCH_AVAILABLE UNITY_NO_CUBEMAP_ARRAY UNITY_NO_SCREENSPACE_SHADOWS UNITY_PBS_USE_BRDF3 SHADER_API_MOBILE UNITY_HARDWARE_TIER1 UNITY_LIGHTMAP_DLDR_ENCODING ok=1
Cmd: compileSnippet
  api=14 type=1 insize=1206 outsize=1480 kw= pd=UNITY_NO_DXT5nm UNITY_NO_RGBM UNITY_ENABLE_REFLECTION_BUFFERS UNITY_FRAMEBUFFER_FETCH_AVAILABLE UNITY_NO_CUBEMAP_ARRAY UNITY_NO_SCREENSPACE_SHADOWS UNITY_PBS_USE_BRDF2 SHADER_API_MOBILE UNITY_HARDWARE_TIER3 UNITY_LIGHTMAP_DLDR_ENCODING ok=1
Cmd: compileSnippet
  api=14 type=0 insize=1251 outsize=6824 kw= pd=UNITY_NO_DXT5nm UNITY_NO_RGBM UNITY_ENABLE_REFLECTION_BUFFERS UNITY_FRAMEBUFFER_FETCH_AVAILABLE UNITY_NO_CUBEMAP_ARRAY UNITY_NO_SCREENSPACE_SHADOWS UNITY_PBS_USE_BRDF2 SHADER_API_MOBILE UNITY_HARDWARE_TIER2 UNITY_LIGHTMAP_DLDR_ENCODING ok=1
Cmd: compileSnippet
  api=14 type=1 insize=1251 outsize=1636 kw= pd=UNITY_NO_DXT5nm UNITY_NO_RGBM UNITY_ENABLE_REFLECTION_BUFFERS UNITY_FRAMEBUFFER_FETCH_AVAILABLE UNITY_NO_CUBEMAP_ARRAY UNITY_NO_SCREENSPACE_SHADOWS UNITY_PBS_USE_BRDF2 SHADER_API_MOBILE UNITY_HARDWARE_TIER2 UNITY_LIGHTMAP_DLDR_ENCODING ok=1
Cmd: compileSnippet
  api=14 type=0 insize=1569 outsize=2384 kw=DIRECTIONAL pd=UNITY_NO_DXT5nm UNITY_NO_RGBM UNITY_ENABLE_REFLECTION_BUFFERS UNITY_FRAMEBUFFER_FETCH_AVAILABLE UNITY_NO_CUBEMAP_ARRAY UNITY_NO_SCREENSPACE_SHADOWS UNITY_PBS_USE_BRDF2 SHADER_API_MOBILE UNITY_HARDWARE_TIER3 UNITY_LIGHTMAP_DLDR_ENCODING ok=1
Cmd: compileSnippet
  api=14 type=0 insize=1569 outsize=2384 kw=SPOT pd=UNITY_NO_DXT5nm UNITY_NO_RGBM UNITY_ENABLE_REFLECTION_BUFFERS UNITY_FRAMEBUFFER_FETCH_AVAILABLE UNITY_NO_CUBEMAP_ARRAY UNITY_NO_SCREENSPACE_SHADOWS UNITY_PBS_USE_BRDF2 SHADER_API_MOBILE UNITY_HARDWARE_TIER3 UNITY_LIGHTMAP_DLDR_ENCODING ok=1
Cmd: compileSnippet
  api=14 type=0 insize=1569 outsize=2384 kw=SPOT SHADOWS_DEPTH pd=UNITY_NO_DXT5nm UNITY_NO_RGBM UNITY_ENABLE_REFLECTION_BUFFERS UNITY_FRAMEBUFFER_FETCH_AVAILABLE UNITY_NO_CUBEMAP_ARRAY UNITY_NO_SCREENSPACE_SHADOWS UNITY_PBS_USE_BRDF2 SHADER_API_MOBILE UNITY_HARDWARE_TIER2 UNITY_LIGHTMAP_DLDR_ENCODING ok=1
Cmd: compileSnippet
  api=14 type=0 insize=1569 outsize=2384 kw=DIRECTIONAL_COOKIE SHADOWS_SCREEN pd=UNITY_NO_DXT5nm UNITY_NO_RGBM UNITY_ENABLE_REFLECTION_BUFFERS UNITY_FRAMEBUFFER_FETCH_AVAILABLE UNITY_NO_CUBEMAP_ARRAY UNITY_NO_SCREENSPACE_SHADOWS UNITY_PBS_USE_BRDF3 SHADER_API_MOBILE UNITY_HARDWARE_TIER1 UNITY_LIGHTMAP_DLDR_ENCODING ok=1
Cmd: compileSnippet
  api=14 type=0 insize=1569 outsize=2384 kw=POINT SHADOWS_CUBE SHADOWS_SOFT pd=UNITY_NO_DXT5nm UNITY_NO_RGBM UNITY_ENABLE_REFLECTION_BUFFERS UNITY_FRAMEBUFFER_FETCH_AVAILABLE UNITY_NO_CUBEMAP_ARRAY UNITY_NO_SCREENSPACE_SHADOWS UNITY_PBS_USE_BRDF2 SHADER_API_MOBILE UNITY_HARDWARE_TIER3 UNITY_LIGHTMAP_DLDR_ENCODING ok=1
Cmd: compileSnippet
  api=14 type=1 insize=1569 outsize=4879 kw=POINT pd=UNITY_NO_DXT5nm UNITY_NO_RGBM UNITY_ENABLE_REFLECTION_BUFFERS UNITY_FRAMEBUFFER_FETCH_AVAILABLE UNITY_NO_CUBEMAP_ARRAY UNITY_NO_SCREENSPACE_SHADOWS UNITY_PBS_USE_BRDF2 SHADER_API_MOBILE UNITY_HARDWARE_TIER3 UNITY_LIGHTMAP_DLDR_ENCODING ok=1
Cmd: compileSnippet
  api=14 type=1 insize=1569 outsize=5558 kw=POINT_COOKIE pd=UNITY_NO_DXT5nm UNITY_NO_RGBM UNITY_ENABLE_REFLECTION_BUFFERS UNITY_FRAMEBUFFER_FETCH_AVAILABLE UNITY_NO_CUBEMAP_ARRAY UNITY_NO_SCREENSPACE_SHADOWS UNITY_PBS_USE_BRDF3 SHADER_API_MOBILE UNITY_HARDWARE_TIER1 UNITY_LIGHTMAP_DLDR_ENCODING ok=1
Cmd: compileSnippet
  api=14 type=1 insize=1569 outsize=7999 kw=SPOT SHADOWS_DEPTH SHADOWS_SOFT pd=UNITY_NO_DXT5nm UNITY_NO_RGBM UNITY_ENABLE_REFLECTION_BUFFERS UNITY_FRAMEBUFFER_FETCH_AVAILABLE UNITY_NO_CUBEMAP_ARRAY UNITY_NO_SCREENSPACE_SHADOWS UNITY_PBS_USE_BRDF2 SHADER_API_MOBILE UNITY_HARDWARE_TIER2 UNITY_LIGHTMAP_DLDR_ENCODING ok=1
Cmd: compileSnippet
  api=14 type=1 insize=1569 outsize=7241 kw=POINT SHADOWS_CUBE SHADOWS_SOFT pd=UNITY_NO_DXT5nm UNITY_NO_RGBM UNITY_ENABLE_REFLECTION_BUFFERS UNITY_FRAMEBUFFER_FETCH_AVAILABLE UNITY_NO_CUBEMAP_ARRAY UNITY_NO_SCREENSPACE_SHADOWS UNITY_PBS_USE_BRDF3 SHADER_API_MOBILE UNITY_HARDWARE_TIER1 UNITY_LIGHTMAP_DLDR_ENCODING ok=1
Cmd: compileSnippet
  api=14 type=0 insize=1562 outsize=2384 kw=DIRECTIONAL pd=UNITY_NO_DXT5nm UNITY_NO_RGBM UNITY_ENABLE_REFLECTION_BUFFERS UNITY_FRAMEBUFFER_FETCH_AVAILABLE UNITY_NO_CUBEMAP_ARRAY UNITY_NO_SCREENSPACE_SHADOWS UNITY_PBS_USE_BRDF2 SHADER_API_MOBILE UNITY_HARDWARE_TIER3 UNITY_LIGHTMAP_DLDR_ENCODING ok=1
Cmd: compileSnippet
  api=14 type=0 insize=1562 outsize=2384 kw=DIRECTIONAL_COOKIE pd=UNITY_NO_DXT5nm UNITY_NO_RGBM UNITY_ENABLE_REFLECTION_BUFFERS UNITY_FRAMEBUFFER_FETCH_AVAILABLE UNITY_NO_CUBEMAP_ARRAY UNITY_NO_SCREENSPACE_SHADOWS UNITY_PBS_USE_BRDF3 SHADER_API_MOBILE UNITY_HARDWARE_TIER1 UNITY_LIGHTMAP_DLDR_ENCODING ok=1
Cmd: compileSnippet
  api=14 type=0 insize=1562 outsize=2384 kw=SPOT SHADOWS_DEPTH SHADOWS_SOFT pd=UNITY_NO_DXT5nm UNITY_NO_RGBM UNITY_ENABLE_REFLECTION_BUFFERS UNITY_FRAMEBUFFER_FETCH_AVAILABLE UNITY_NO_CUBEMAP_ARRAY UNITY_NO_SCREENSPACE_SHADOWS UNITY_PBS_USE_BRDF3 SHADER_API_MOBILE UNITY_HARDWARE_TIER1 UNITY_LIGHTMAP_DLDR_ENCODING ok=1
Cmd: compileSnippet
  api=14 type=0 insize=1562 outsize=2384 kw=POINT SHADOWS_CUBE pd=UNITY_NO_DXT5nm UNITY_NO_RGBM UNITY_ENABLE_REFLECTION_BUFFERS UNITY_FRAMEBUFFER_FETCH_AVAILABLE UNITY_NO_CUBEMAP_ARRAY UNITY_NO_SCREENSPACE_SHADOWS UNITY_PBS_USE_BRDF2 SHADER_API_MOBILE UNITY_HARDWARE_TIER2 UNITY_LIGHTMAP_DLDR_ENCODING ok=1
Cmd: compileSnippet
  api=14 type=0 insize=1562 outsize=2384 kw=POINT_COOKIE SHADOWS_CUBE SHADOWS_SOFT pd=UNITY_NO_DXT5nm UNITY_NO_RGBM UNITY_ENABLE_REFLECTION_BUFFERS UNITY_FRAMEBUFFER_FETCH_AVAILABLE UNITY_NO_CUBEMAP_ARRAY UNITY_NO_SCREENSPACE_SHADOWS UNITY_PBS_USE_BRDF2 SHADER_API_MOBILE UNITY_HARDWARE_TIER2 UNITY_LIGHTMAP_DLDR_ENCODING ok=1
Cmd: compileSnippet
  api=14 type=1 insize=1562 outsize=4870 kw=POINT pd=UNITY_NO_DXT5nm UNITY_NO_RGBM UNITY_ENABLE_REFLECTION_BUFFERS UNITY_FRAMEBUFFER_FETCH_AVAILABLE UNITY_NO_CUBEMAP_ARRAY UNITY_NO_SCREENSPACE_SHADOWS UNITY_PBS_USE_BRDF2 SHADER_API_MOBILE UNITY_HARDWARE_TIER3 UNITY_LIGHTMAP_DLDR_ENCODING ok=1
Cmd: compileSnippet
  api=14 type=1 insize=1562 outsize=5549 kw=POINT_COOKIE pd=UNITY_NO_DXT5nm UNITY_NO_RGBM UNITY_ENABLE_REFLECTION_BUFFERS UNITY_FRAMEBUFFER_FETCH_AVAILABLE UNITY_NO_CUBEMAP_ARRAY UNITY_NO_SCREENSPACE_SHADOWS UNITY_PBS_USE_BRDF2 SHADER_API_MOBILE UNITY_HARDWARE_TIER2 UNITY_LIGHTMAP_DLDR_ENCODING ok=1
Cmd: compileSnippet
  api=14 type=1 insize=1562 outsize=7012 kw=SPOT SHADOWS_DEPTH pd=UNITY_NO_DXT5nm UNITY_NO_RGBM UNITY_ENABLE_REFLECTION_BUFFERS UNITY_FRAMEBUFFER_FETCH_AVAILABLE UNITY_NO_CUBEMAP_ARRAY UNITY_NO_SCREENSPACE_SHADOWS UNITY_PBS_USE_BRDF2 SHADER_API_MOBILE UNITY_HARDWARE_TIER2 UNITY_LIGHTMAP_DLDR_ENCODING ok=1
Cmd: compileSnippet
  api=14 type=1 insize=1562 outsize=5634 kw=DIRECTIONAL_COOKIE SHADOWS_SCREEN pd=UNITY_NO_DXT5nm UNITY_NO_RGBM UNITY_ENABLE_REFLECTION_BUFFERS UNITY_FRAMEBUFFER_FETCH_AVAILABLE UNITY_NO_CUBEMAP_ARRAY UNITY_NO_SCREENSPACE_SHADOWS UNITY_PBS_USE_BRDF2 SHADER_API_MOBILE UNITY_HARDWARE_TIER3 UNITY_LIGHTMAP_DLDR_ENCODING ok=1
Cmd: compileSnippet
  api=14 type=1 insize=1562 outsize=6907 kw=POINT_COOKIE SHADOWS_CUBE pd=UNITY_NO_DXT5nm UNITY_NO_RGBM UNITY_ENABLE_REFLECTION_BUFFERS UNITY_FRAMEBUFFER_FETCH_AVAILABLE UNITY_NO_CUBEMAP_ARRAY UNITY_NO_SCREENSPACE_SHADOWS UNITY_PBS_USE_BRDF3 SHADER_API_MOBILE UNITY_HARDWARE_TIER1 UNITY_LIGHTMAP_DLDR_ENCODING ok=1
Cmd: compileSnippet
  api=14 type=0 insize=11816 outsize=2664 kw= pd=UNITY_NO_DXT5nm UNITY_NO_RGBM UNITY_ENABLE_REFLECTION_BUFFERS UNITY_FRAMEBUFFER_FETCH_AVAILABLE UNITY_NO_CUBEMAP_ARRAY UNITY_NO_SCREENSPACE_SHADOWS UNITY_PBS_USE_BRDF2 SHADER_API_MOBILE UNITY_HARDWARE_TIER3 UNITY_LIGHTMAP_DLDR_ENCODING ok=1
Cmd: compileSnippet
  api=14 type=1 insize=11816 outsize=3171 kw=SHADOWS_SINGLE_CASCADE pd=UNITY_NO_DXT5nm UNITY_NO_RGBM UNITY_ENABLE_REFLECTION_BUFFERS UNITY_FRAMEBUFFER_FETCH_AVAILABLE UNITY_NO_CUBEMAP_ARRAY UNITY_NO_SCREENSPACE_SHADOWS UNITY_PBS_USE_BRDF3 SHADER_API_MOBILE UNITY_HARDWARE_TIER1 UNITY_LIGHTMAP_DLDR_ENCODING ok=1
Cmd: compileSnippet
  api=14 type=1 insize=11816 outsize=3171 kw=SHADOWS_SINGLE_CASCADE pd=UNITY_NO_DXT5nm UNITY_NO_RGBM UNITY_ENABLE_REFLECTION_BUFFERS UNITY_FRAMEBUFFER_FETCH_AVAILABLE UNITY_NO_CUBEMAP_ARRAY UNITY_NO_SCREENSPACE_SHADOWS UNITY_PBS_USE_BRDF2 SHADER_API_MOBILE UNITY_HARDWARE_TIER3 UNITY_LIGHTMAP_DLDR_ENCODING ok=1
Cmd: compileSnippet
  api=14 type=0 insize=11820 outsize=2664 kw= pd=UNITY_NO_DXT5nm UNITY_NO_RGBM UNITY_ENABLE_REFLECTION_BUFFERS UNITY_FRAMEBUFFER_FETCH_AVAILABLE UNITY_NO_CUBEMAP_ARRAY UNITY_NO_SCREENSPACE_SHADOWS UNITY_PBS_USE_BRDF2 SHADER_API_MOBILE UNITY_HARDWARE_TIER2 UNITY_LIGHTMAP_DLDR_ENCODING ok=1
Cmd: compileSnippet
  api=14 type=1 insize=11820 outsize=5050 kw= pd=UNITY_NO_DXT5nm UNITY_NO_RGBM UNITY_ENABLE_REFLECTION_BUFFERS UNITY_FRAMEBUFFER_FETCH_AVAILABLE UNITY_NO_CUBEMAP_ARRAY UNITY_NO_SCREENSPACE_SHADOWS UNITY_PBS_USE_BRDF2 SHADER_API_MOBILE UNITY_HARDWARE_TIER2 UNITY_LIGHTMAP_DLDR_ENCODING ok=1
Cmd: compileSnippet
  api=14 type=1 insize=11820 outsize=2936 kw=SHADOWS_SPLIT_SPHERES SHADOWS_SINGLE_CASCADE pd=UNITY_NO_DXT5nm UNITY_NO_RGBM UNITY_ENABLE_REFLECTION_BUFFERS UNITY_FRAMEBUFFER_FETCH_AVAILABLE UNITY_NO_CUBEMAP_ARRAY UNITY_NO_SCREENSPACE_SHADOWS UNITY_PBS_USE_BRDF2 SHADER_API_MOBILE UNITY_HARDWARE_TIER2 UNITY_LIGHTMAP_DLDR_ENCODING ok=1
Cmd: compileSnippet
  api=14 type=0 insize=11846 outsize=2664 kw= pd=UNITY_NO_DXT5nm UNITY_NO_RGBM UNITY_ENABLE_REFLECTION_BUFFERS UNITY_FRAMEBUFFER_FETCH_AVAILABLE UNITY_NO_CUBEMAP_ARRAY UNITY_NO_SCREENSPACE_SHADOWS UNITY_PBS_USE_BRDF2 SHADER_API_MOBILE UNITY_HARDWARE_TIER2 UNITY_LIGHTMAP_DLDR_ENCODING ok=1
Cmd: compileSnippet
  api=14 type=1 insize=11846 outsize=7428 kw=SHADOWS_SINGLE_CASCADE pd=UNITY_NO_DXT5nm UNITY_NO_RGBM UNITY_ENABLE_REFLECTION_BUFFERS UNITY_FRAMEBUFFER_FETCH_AVAILABLE UNITY_NO_CUBEMAP_ARRAY UNITY_NO_SCREENSPACE_SHADOWS UNITY_PBS_USE_BRDF3 SHADER_API_MOBILE UNITY_HARDWARE_TIER1 UNITY_LIGHTMAP_DLDR_ENCODING ok=1
Cmd: compileSnippet
  api=14 type=1 insize=11846 outsize=7428 kw=SHADOWS_SPLIT_SPHERES SHADOWS_SINGLE_CASCADE pd=UNITY_NO_DXT5nm UNITY_NO_RGBM UNITY_ENABLE_REFLECTION_BUFFERS UNITY_FRAMEBUFFER_FETCH_AVAILABLE UNITY_NO_CUBEMAP_ARRAY UNITY_NO_SCREENSPACE_SHADOWS UNITY_PBS_USE_BRDF3 SHADER_API_MOBILE UNITY_HARDWARE_TIER1 UNITY_LIGHTMAP_DLDR_ENCODING ok=1
Cmd: compileSnippet
  api=14 type=0 insize=11850 outsize=2664 kw= pd=UNITY_NO_DXT5nm UNITY_NO_RGBM UNITY_ENABLE_REFLECTION_BUFFERS UNITY_FRAMEBUFFER_FETCH_AVAILABLE UNITY_NO_CUBEMAP_ARRAY UNITY_NO_SCREENSPACE_SHADOWS UNITY_PBS_USE_BRDF2 SHADER_API_MOBILE UNITY_HARDWARE_TIER3 UNITY_LIGHTMAP_DLDR_ENCODING ok=1
Cmd: compileSnippet
  api=14 type=0 insize=11850 outsize=2664 kw=SHADOWS_SPLIT_SPHERES SHADOWS_SINGLE_CASCADE pd=UNITY_NO_DXT5nm UNITY_NO_RGBM UNITY_ENABLE_REFLECTION_BUFFERS UNITY_FRAMEBUFFER_FETCH_AVAILABLE UNITY_NO_CUBEMAP_ARRAY UNITY_NO_SCREENSPACE_SHADOWS UNITY_PBS_USE_BRDF2 SHADER_API_MOBILE UNITY_HARDWARE_TIER2 UNITY_LIGHTMAP_DLDR_ENCODING ok=1
Cmd: compileSnippet
  api=14 type=1 insize=11850 outsize=9257 kw= pd=UNITY_NO_DXT5nm UNITY_NO_RGBM UNITY_ENABLE_REFLECTION_BUFFERS UNITY_FRAMEBUFFER_FETCH_AVAILABLE UNITY_NO_CUBEMAP_ARRAY UNITY_NO_SCREENSPACE_SHADOWS UNITY_PBS_USE_BRDF2 SHADER_API_MOBILE UNITY_HARDWARE_TIER2 UNITY_LIGHTMAP_DLDR_ENCODING ok=1
Cmd: compileSnippet
  api=14 type=0 insize=1402 outsize=1581 kw= pd=UNITY_NO_DXT5nm UNITY_NO_RGBM UNITY_ENABLE_REFLECTION_BUFFERS UNITY_FRAMEBUFFER_FETCH_AVAILABLE UNITY_NO_CUBEMAP_ARRAY UNITY_NO_SCREENSPACE_SHADOWS UNITY_PBS_USE_BRDF2 SHADER_API_MOBILE UNITY_HARDWARE_TIER3 UNITY_LIGHTMAP_DLDR_ENCODING ok=1
Cmd: compileSnippet
  api=14 type=1 insize=1402 outsize=2340 kw= pd=UNITY_NO_DXT5nm UNITY_NO_RGBM UNITY_ENABLE_REFLECTION_BUFFERS UNITY_FRAMEBUFFER_FETCH_AVAILABLE UNITY_NO_CUBEMAP_ARRAY UNITY_NO_SCREENSPACE_SHADOWS UNITY_PBS_USE_BRDF2 SHADER_API_MOBILE UNITY_HARDWARE_TIER2 UNITY_LIGHTMAP_DLDR_ENCODING ok=1
Cmd: compileSnippet
  api=14 type=0 insize=1901 outsize=2604 kw= pd=UNITY_NO_DXT5nm UNITY_NO_RGBM UNITY_ENABLE_REFLECTION_BUFFERS UNITY_FRAMEBUFFER_FETCH_AVAILABLE UNITY_NO_CUBEMAP_ARRAY UNITY_NO_SCREENSPACE_SHADOWS UNITY_PBS_USE_BRDF2 SHADER_API_MOBILE UNITY_HARDWARE_TIER3 UNITY_LIGHTMAP_DLDR_ENCODING ok=1
Cmd: compileSnippet
  api=14 type=1 insize=1901 outsize=838 kw= pd=UNITY_NO_DXT5nm UNITY_NO_RGBM UNITY_ENABLE_REFLECTION_BUFFERS UNITY_FRAMEBUFFER_FETCH_AVAILABLE UNITY_NO_CUBEMAP_ARRAY UNITY_NO_SCREENSPACE_SHADOWS UNITY_PBS_USE_BRDF2 SHADER_API_MOBILE UNITY_HARDWARE_TIER2 UNITY_LIGHTMAP_DLDR_ENCODING ok=1
Cmd: compileSnippet
  api=14 type=0 insize=2104 outsize=2384 kw=POINT pd=UNITY_NO_DXT5nm UNITY_NO_RGBM UNITY_ENABLE_REFLECTION_BUFFERS UNITY_FRAMEBUFFER_FETCH_AVAILABLE UNITY_NO_CUBEMAP_ARRAY UNITY_NO_SCREENSPACE_SHADOWS UNITY_PBS_USE_BRDF2 SHADER_API_MOBILE UNITY_HARDWARE_TIER2 UNITY_LIGHTMAP_DLDR_ENCODING ok=1
Cmd: compileSnippet
  api=14 type=0 insize=2104 outsize=2384 kw=SPOT SHADOWS_DEPTH pd=UNITY_NO_DXT5nm UNITY_NO_RGBM UNITY_ENABLE_REFLECTION_BUFFERS UNITY_FRAMEBUFFER_FETCH_AVAILABLE UNITY_NO_CUBEMAP_ARRAY UNITY_NO_SCREENSPACE_SHADOWS UNITY_PBS_USE_BRDF3 SHADER_API_MOBILE UNITY_HARDWARE_TIER1 UNITY_LIGHTMAP_DLDR_ENCODING ok=1
Cmd: compileSnippet
  api=14 type=0 insize=2104 outsize=2384 kw=DIRECTIONAL SHADOWS_SCREEN pd=UNITY_NO_DXT5nm UNITY_NO_RGBM UNITY_ENABLE_REFLECTION_BUFFERS UNITY_FRAMEBUFFER_FETCH_AVAILABLE UNITY_NO_CUBEMAP_ARRAY UNITY_NO_SCREENSPACE_SHADOWS UNITY_PBS_USE_BRDF2 SHADER_API_MOBILE UNITY_HARDWARE_TIER3 UNITY_LIGHTMAP_DLDR_ENCODING ok=1
Cmd: compileSnippet
  api=14 type=0 insize=2104 outsize=2384 kw=POINT SHADOWS_CUBE pd=UNITY_NO_DXT5nm UNITY_NO_RGBM UNITY_ENABLE_REFLECTION_BUFFERS UNITY_FRAMEBUFFER_FETCH_AVAILABLE UNITY_NO_CUBEMAP_ARRAY UNITY_NO_SCREENSPACE_SHADOWS UNITY_PBS_USE_BRDF2 SHADER_API_MOBILE UNITY_HARDWARE_TIER2 UNITY_LIGHTMAP_DLDR_ENCODING ok=1
Cmd: compileSnippet
  api=14 type=0 insize=2104 outsize=2384 kw=POINT_COOKIE SHADOWS_CUBE pd=UNITY_NO_DXT5nm UNITY_NO_RGBM UNITY_ENABLE_REFLECTION_BUFFERS UNITY_FRAMEBUFFER_FETCH_AVAILABLE UNITY_NO_CUBEMAP_ARRAY UNITY_NO_SCREENSPACE_SHADOWS UNITY_PBS_USE_BRDF2 SHADER_API_MOBILE UNITY_HARDWARE_TIER3 UNITY_LIGHTMAP_DLDR_ENCODING ok=1
Cmd: compileSnippet
  api=14 type=0 insize=2104 outsize=2384 kw=DIRECTIONAL UNITY_HDR_ON pd=UNITY_NO_DXT5nm UNITY_NO_RGBM UNITY_ENABLE_REFLECTION_BUFFERS UNITY_FRAMEBUFFER_FETCH_AVAILABLE UNITY_NO_CUBEMAP_ARRAY UNITY_NO_SCREENSPACE_SHADOWS UNITY_PBS_USE_BRDF2 SHADER_API_MOBILE UNITY_HARDWARE_TIER2 UNITY_LIGHTMAP_DLDR_ENCODING ok=1
Cmd: compileSnippet
  api=14 type=0 insize=2104 outsize=2384 kw=DIRECTIONAL_COOKIE UNITY_HDR_ON pd=UNITY_NO_DXT5nm UNITY_NO_RGBM UNITY_ENABLE_REFLECTION_BUFFERS UNITY_FRAMEBUFFER_FETCH_AVAILABLE UNITY_NO_CUBEMAP_ARRAY UNITY_NO_SCREENSPACE_SHADOWS UNITY_PBS_USE_BRDF3 SHADER_API_MOBILE UNITY_HARDWARE_TIER1 UNITY_LIGHTMAP_DLDR_ENCODING ok=1
Cmd: compileSnippet
  api=14 type=0 insize=2104 outsize=2384 kw=DIRECTIONAL SHADOWS_SCREEN UNITY_HDR_ON pd=UNITY_NO_DXT5nm UNITY_NO_RGBM UNITY_ENABLE_REFLECTION_BUFFERS UNITY_FRAMEBUFFER_FETCH_AVAILABLE UNITY_NO_CUBEMAP_ARRAY UNITY_NO_SCREENSPACE_SHADOWS UNITY_PBS_USE_BRDF3 SHADER_API_MOBILE UNITY_HARDWARE_TIER1 UNITY_LIGHTMAP_DLDR_ENCODING ok=1
Cmd: compileSnippet
  api=14 type=0 insize=2104 outsize=2384 kw=POINT SHADOWS_CUBE SHADOWS_SOFT UNITY_HDR_ON pd=UNITY_NO_DXT5nm UNITY_NO_RGBM UNITY_ENABLE_REFLECTION_BUFFERS UNITY_FRAMEBUFFER_FETCH_AVAILABLE UNITY_NO_CUBEMAP_ARRAY UNITY_NO_SCREENSPACE_SHADOWS UNITY_PBS_USE_BRDF3 SHADER_API_MOBILE UNITY_HARDWARE_TIER1 UNITY_LIGHTMAP_DLDR_ENCODING ok=1
Cmd: compileSnippet
  api=14 type=1 insize=2104 outsize=4799 kw=DIRECTIONAL pd=UNITY_NO_DXT5nm UNITY_NO_RGBM UNITY_ENABLE_REFLECTION_BUFFERS UNITY_FRAMEBUFFER_FETCH_AVAILABLE UNITY_NO_CUBEMAP_ARRAY UNITY_NO_SCREENSPACE_SHADOWS UNITY_PBS_USE_BRDF2 SHADER_API_MOBILE UNITY_HARDWARE_TIER2 UNITY_LIGHTMAP_DLDR_ENCODING ok=1
Cmd: compileSnippet
  api=14 type=1 insize=2104 outsize=4911 kw=DIRECTIONAL_COOKIE pd=UNITY_NO_DXT5nm UNITY_NO_RGBM UNITY_ENABLE_REFLECTION_BUFFERS UNITY_FRAMEBUFFER_FETCH_AVAILABLE UNITY_NO_CUBEMAP_ARRAY UNITY_NO_SCREENSPACE_SHADOWS UNITY_PBS_USE_BRDF3 SHADER_API_MOBILE UNITY_HARDWARE_TIER1 UNITY_LIGHTMAP_DLDR_ENCODING ok=1
Cmd: compileSnippet
  api=14 type=1 insize=2104 outsize=7898 kw=SPOT SHADOWS_DEPTH pd=UNITY_NO_DXT5nm UNITY_NO_RGBM UNITY_ENABLE_REFLECTION_BUFFERS UNITY_FRAMEBUFFER_FETCH_AVAILABLE UNITY_NO_CUBEMAP_ARRAY UNITY_NO_SCREENSPACE_SHADOWS UNITY_PBS_USE_BRDF2 SHADER_API_MOBILE UNITY_HARDWARE_TIER3 UNITY_LIGHTMAP_DLDR_ENCODING ok=1
Cmd: compileSnippet
  api=14 type=1 insize=2104 outsize=7491 kw=POINT SHADOWS_CUBE SHADOWS_SOFT pd=UNITY_NO_DXT5nm UNITY_NO_RGBM UNITY_ENABLE_REFLECTION_BUFFERS UNITY_FRAMEBUFFER_FETCH_AVAILABLE UNITY_NO_CUBEMAP_ARRAY UNITY_NO_SCREENSPACE_SHADOWS UNITY_PBS_USE_BRDF3 SHADER_API_MOBILE UNITY_HARDWARE_TIER1 UNITY_LIGHTMAP_DLDR_ENCODING ok=1
Cmd: compileSnippet
  api=14 type=1 insize=2104 outsize=8656 kw=POINT_COOKIE SHADOWS_CUBE SHADOWS_SOFT pd=UNITY_NO_DXT5nm UNITY_NO_RGBM UNITY_ENABLE_REFLECTION_BUFFERS UNITY_FRAMEBUFFER_FETCH_AVAILABLE UNITY_NO_CUBEMAP_ARRAY UNITY_NO_SCREENSPACE_SHADOWS UNITY_PBS_USE_BRDF2 SHADER_API_MOBILE UNITY_HARDWARE_TIER3 UNITY_LIGHTMAP_DLDR_ENCODING ok=1
Cmd: compileSnippet
  api=14 type=1 insize=2104 outsize=5354 kw=POINT_COOKIE UNITY_HDR_ON pd=UNITY_NO_DXT5nm UNITY_NO_RGBM UNITY_ENABLE_REFLECTION_BUFFERS UNITY_FRAMEBUFFER_FETCH_AVAILABLE UNITY_NO_CUBEMAP_ARRAY UNITY_NO_SCREENSPACE_SHADOWS UNITY_PBS_USE_BRDF3 SHADER_API_MOBILE UNITY_HARDWARE_TIER1 UNITY_LIGHTMAP_DLDR_ENCODING ok=1
Cmd: compileSnippet
  api=14 type=1 insize=2104 outsize=7844 kw=SPOT SHADOWS_DEPTH UNITY_HDR_ON pd=UNITY_NO_DXT5nm UNITY_NO_RGBM UNITY_ENABLE_REFLECTION_BUFFERS UNITY_FRAMEBUFFER_FETCH_AVAILABLE UNITY_NO_CUBEMAP_ARRAY UNITY_NO_SCREENSPACE_SHADOWS UNITY_PBS_USE_BRDF2 SHADER_API_MOBILE UNITY_HARDWARE_TIER2 UNITY_LIGHTMAP_DLDR_ENCODING ok=1
Cmd: compileSnippet
  api=14 type=1 insize=2104 outsize=5754 kw=DIRECTIONAL SHADOWS_SCREEN UNITY_HDR_ON pd=UNITY_NO_DXT5nm UNITY_NO_RGBM UNITY_ENABLE_REFLECTION_BUFFERS UNITY_FRAMEBUFFER_FETCH_AVAILABLE UNITY_NO_CUBEMAP_ARRAY UNITY_NO_SCREENSPACE_SHADOWS UNITY_PBS_USE_BRDF2 SHADER_API_MOBILE UNITY_HARDWARE_TIER3 UNITY_LIGHTMAP_DLDR_ENCODING ok=1
Cmd: compileSnippet
  api=14 type=1 insize=2104 outsize=7942 kw=POINT SHADOWS_CUBE SHADOWS_SOFT UNITY_HDR_ON pd=UNITY_NO_DXT5nm UNITY_NO_RGBM UNITY_ENABLE_REFLECTION_BUFFERS UNITY_FRAMEBUFFER_FETCH_AVAILABLE UNITY_NO_CUBEMAP_ARRAY UNITY_NO_SCREENSPACE_SHADOWS UNITY_PBS_USE_BRDF2 SHADER_API_MOBILE UNITY_HARDWARE_TIER3 UNITY_LIGHTMAP_DLDR_ENCODING ok=1
Cmd: compileSnippet
  api=14 type=0 insize=3555 outsize=2384 kw= pd=UNITY_NO_DXT5nm UNITY_NO_RGBM UNITY_ENABLE_REFLECTION_BUFFERS UNITY_FRAMEBUFFER_FETCH_AVAILABLE UNITY_NO_CUBEMAP_ARRAY UNITY_NO_SCREENSPACE_SHADOWS UNITY_PBS_USE_BRDF2 SHADER_API_MOBILE UNITY_HARDWARE_TIER3 UNITY_LIGHTMAP_DLDR_ENCODING ok=1
Cmd: compileSnippet
  api=14 type=1 insize=3555 outsize=5796 kw= pd=UNITY_NO_DXT5nm UNITY_NO_RGBM UNITY_ENABLE_REFLECTION_BUFFERS UNITY_FRAMEBUFFER_FETCH_AVAILABLE UNITY_NO_CUBEMAP_ARRAY UNITY_NO_SCREENSPACE_SHADOWS UNITY_PBS_USE_BRDF3 SHADER_API_MOBILE UNITY_HARDWARE_TIER1 UNITY_LIGHTMAP_DLDR_ENCODING ok=1
Cmd: compileSnippet
  api=14 type=0 insize=1224 outsize=1618 kw= pd=UNITY_NO_DXT5nm UNITY_NO_RGBM UNITY_ENABLE_REFLECTION_BUFFERS UNITY_FRAMEBUFFER_FETCH_AVAILABLE UNITY_NO_CUBEMAP_ARRAY UNITY_NO_SCREENSPACE_SHADOWS UNITY_PBS_USE_BRDF2 SHADER_API_MOBILE UNITY_HARDWARE_TIER2 UNITY_LIGHTMAP_DLDR_ENCODING ok=1
Cmd: compileSnippet
  api=14 type=1 insize=1224 outsize=965 kw= pd=UNITY_NO_DXT5nm UNITY_NO_RGBM UNITY_ENABLE_REFLECTION_BUFFERS UNITY_FRAMEBUFFER_FETCH_AVAILABLE UNITY_NO_CUBEMAP_ARRAY UNITY_NO_SCREENSPACE_SHADOWS UNITY_PBS_USE_BRDF3 SHADER_API_MOBILE UNITY_HARDWARE_TIER1 UNITY_LIGHTMAP_DLDR_ENCODING ok=1
Cmd: compileSnippet
  api=14 type=0 insize=5814 outsize=2972 kw=UNITY_PASS_MOTIONVECTORS pd=UNITY_NO_DXT5nm UNITY_NO_RGBM UNITY_ENABLE_REFLECTION_BUFFERS UNITY_FRAMEBUFFER_FETCH_AVAILABLE UNITY_NO_CUBEMAP_ARRAY UNITY_NO_SCREENSPACE_SHADOWS UNITY_PBS_USE_BRDF2 SHADER_API_MOBILE UNITY_HARDWARE_TIER3 UNITY_LIGHTMAP_DLDR_ENCODING ok=1
Cmd: compileSnippet
  api=14 type=1 insize=5814 outsize=1564 kw=UNITY_PASS_MOTIONVECTORS pd=UNITY_NO_DXT5nm UNITY_NO_RGBM UNITY_ENABLE_REFLECTION_BUFFERS UNITY_FRAMEBUFFER_FETCH_AVAILABLE UNITY_NO_CUBEMAP_ARRAY UNITY_NO_SCREENSPACE_SHADOWS UNITY_PBS_USE_BRDF3 SHADER_API_MOBILE UNITY_HARDWARE_TIER1 UNITY_LIGHTMAP_DLDR_ENCODING ok=1
Cmd: compileSnippet
  api=14 type=0 insize=5826 outsize=1763 kw= pd=UNITY_NO_DXT5nm UNITY_NO_RGBM UNITY_ENABLE_REFLECTION_BUFFERS UNITY_FRAMEBUFFER_FETCH_AVAILABLE UNITY_NO_CUBEMAP_ARRAY UNITY_NO_SCREENSPACE_SHADOWS UNITY_PBS_USE_BRDF2 SHADER_API_MOBILE UNITY_HARDWARE_TIER2 UNITY_LIGHTMAP_DLDR_ENCODING ok=1
Cmd: compileSnippet
  api=14 type=0 insize=5835 outsize=1763 kw= pd=UNITY_NO_DXT5nm UNITY_NO_RGBM UNITY_ENABLE_REFLECTION_BUFFERS UNITY_FRAMEBUFFER_FETCH_AVAILABLE UNITY_NO_CUBEMAP_ARRAY UNITY_NO_SCREENSPACE_SHADOWS UNITY_PBS_USE_BRDF2 SHADER_API_MOBILE UNITY_HARDWARE_TIER3 UNITY_LIGHTMAP_DLDR_ENCODING ok=1
Cmd: compileSnippet
  api=14 type=0 insize=1895 outsize=1663 kw= pd=UNITY_NO_DXT5nm UNITY_NO_RGBM UNITY_ENABLE_REFLECTION_BUFFERS UNITY_FRAMEBUFFER_FETCH_AVAILABLE UNITY_NO_CUBEMAP_ARRAY UNITY_NO_SCREENSPACE_SHADOWS UNITY_PBS_USE_BRDF3 SHADER_API_MOBILE UNITY_HARDWARE_TIER1 UNITY_LIGHTMAP_DLDR_ENCODING ok=1
Cmd: compileSnippet
  api=14 type=0 insize=1476 outsize=1542 kw= pd=UNITY_NO_DXT5nm UNITY_NO_RGBM UNITY_ENABLE_REFLECTION_BUFFERS UNITY_FRAMEBUFFER_FETCH_AVAILABLE UNITY_NO_CUBEMAP_ARRAY UNITY_NO_SCREENSPACE_SHADOWS UNITY_PBS_USE_BRDF2 SHADER_API_MOBILE UNITY_HARDWARE_TIER3 UNITY_LIGHTMAP_DLDR_ENCODING ok=1
Cmd: compileSnippet
  api=14 type=0 insize=1686 outsize=1542 kw= pd=UNITY_NO_DXT5nm UNITY_NO_RGBM UNITY_ENABLE_REFLECTION_BUFFERS UNITY_FRAMEBUFFER_FETCH_AVAILABLE UNITY_NO_CUBEMAP_ARRAY UNITY_NO_SCREENSPACE_SHADOWS UNITY_PBS_USE_BRDF2 SHADER_API_MOBILE UNITY_HARDWARE_TIER3 UNITY_LIGHTMAP_DLDR_ENCODING ok=1
Cmd: compileSnippet
  api=14 type=0 insize=1341 outsize=1651 kw= pd=UNITY_NO_DXT5nm UNITY_NO_RGBM UNITY_ENABLE_REFLECTION_BUFFERS UNITY_FRAMEBUFFER_FETCH_AVAILABLE UNITY_NO_CUBEMAP_ARRAY UNITY_NO_SCREENSPACE_SHADOWS UNITY_PBS_USE_BRDF2 SHADER_API_MOBILE UNITY_HARDWARE_TIER3 UNITY_LIGHTMAP_DLDR_ENCODING ok=1
Cmd: compileSnippet
  api=14 type=1 insize=1341 outsize=959 kw= pd=UNITY_NO_DXT5nm UNITY_NO_RGBM UNITY_ENABLE_REFLECTION_BUFFERS UNITY_FRAMEBUFFER_FETCH_AVAILABLE UNITY_NO_CUBEMAP_ARRAY UNITY_NO_SCREENSPACE_SHADOWS UNITY_PBS_USE_BRDF2 SHADER_API_MOBILE UNITY_HARDWARE_TIER2 UNITY_LIGHTMAP_DLDR_ENCODING ok=1
Cmd: compileSnippet
  api=14 type=0 insize=1341 outsize=1651 kw= pd=UNITY_NO_DXT5nm UNITY_NO_RGBM UNITY_ENABLE_REFLECTION_BUFFERS UNITY_FRAMEBUFFER_FETCH_AVAILABLE UNITY_NO_CUBEMAP_ARRAY UNITY_NO_SCREENSPACE_SHADOWS UNITY_PBS_USE_BRDF3 SHADER_API_MOBILE UNITY_HARDWARE_TIER1 UNITY_LIGHTMAP_DLDR_ENCODING ok=1
Cmd: compileSnippet
  api=14 type=0 insize=1878 outsize=2435 kw= pd=UNITY_NO_DXT5nm UNITY_NO_RGBM UNITY_ENABLE_REFLECTION_BUFFERS UNITY_FRAMEBUFFER_FETCH_AVAILABLE UNITY_NO_CUBEMAP_ARRAY UNITY_NO_SCREENSPACE_SHADOWS UNITY_PBS_USE_BRDF2 SHADER_API_MOBILE UNITY_HARDWARE_TIER3 UNITY_LIGHTMAP_DLDR_ENCODING ok=1
Cmd: compileSnippet
  api=14 type=0 insize=1878 outsize=2435 kw= pd=UNITY_NO_DXT5nm UNITY_NO_RGBM UNITY_ENABLE_REFLECTION_BUFFERS UNITY_FRAMEBUFFER_FETCH_AVAILABLE UNITY_NO_CUBEMAP_ARRAY UNITY_NO_SCREENSPACE_SHADOWS UNITY_PBS_USE_BRDF2 SHADER_API_MOBILE UNITY_HARDWARE_TIER2 UNITY_LIGHTMAP_DLDR_ENCODING ok=1
Cmd: compileSnippet
  api=14 type=1 insize=1878 outsize=1986 kw= pd=UNITY_NO_DXT5nm UNITY_NO_RGBM UNITY_ENABLE_REFLECTION_BUFFERS UNITY_FRAMEBUFFER_FETCH_AVAILABLE UNITY_NO_CUBEMAP_ARRAY UNITY_NO_SCREENSPACE_SHADOWS UNITY_PBS_USE_BRDF2 SHADER_API_MOBILE UNITY_HARDWARE_TIER3 UNITY_LIGHTMAP_DLDR_ENCODING ok=1
Cmd: compileSnippet
  api=14 type=0 insize=725 outsize=1801 kw=ETC1_EXTERNAL_ALPHA pd=UNITY_NO_DXT5nm UNITY_NO_RGBM UNITY_ENABLE_REFLECTION_BUFFERS UNITY_FRAMEBUFFER_FETCH_AVAILABLE UNITY_NO_CUBEMAP_ARRAY UNITY_NO_SCREENSPACE_SHADOWS UNITY_PBS_USE_BRDF3 SHADER_API_MOBILE UNITY_HARDWARE_TIER1 UNITY_LIGHTMAP_DLDR_ENCODING ok=1
Cmd: compileSnippet
  api=14 type=0 insize=725 outsize=2134 kw=ETC1_EXTERNAL_ALPHA PIXELSNAP_ON pd=UNITY_NO_DXT5nm UNITY_NO_RGBM UNITY_ENABLE_REFLECTION_BUFFERS UNITY_FRAMEBUFFER_FETCH_AVAILABLE UNITY_NO_CUBEMAP_ARRAY UNITY_NO_SCREENSPACE_SHADOWS UNITY_PBS_USE_BRDF2 SHADER_API_MOBILE UNITY_HARDWARE_TIER3 UNITY_LIGHTMAP_DLDR_ENCODING ok=1
Cmd: compileSnippet
  api=14 type=1 insize=725 outsize=982 kw= pd=UNITY_NO_DXT5nm UNITY_NO_RGBM UNITY_ENABLE_REFLECTION_BUFFERS UNITY_FRAMEBUFFER_FETCH_AVAILABLE UNITY_NO_CUBEMAP_ARRAY UNITY_NO_SCREENSPACE_SHADOWS UNITY_PBS_USE_BRDF2 SHADER_API_MOBILE UNITY_HARDWARE_TIER2 UNITY_LIGHTMAP_DLDR_ENCODING ok=1
Cmd: compileSnippet
  api=14 type=1 insize=725 outsize=1464 kw=ETC1_EXTERNAL_ALPHA PIXELSNAP_ON pd=UNITY_NO_DXT5nm UNITY_NO_RGBM UNITY_ENABLE_REFLECTION_BUFFERS UNITY_FRAMEBUFFER_FETCH_AVAILABLE UNITY_NO_CUBEMAP_ARRAY UNITY_NO_SCREENSPACE_SHADOWS UNITY_PBS_USE_BRDF2 SHADER_API_MOBILE UNITY_HARDWARE_TIER3 UNITY_LIGHTMAP_DLDR_ENCODING ok=1
Cmd: compileSnippet
  api=14 type=0 insize=1841 outsize=1461 kw= pd=UNITY_NO_DXT5nm UNITY_NO_RGBM UNITY_ENABLE_REFLECTION_BUFFERS UNITY_FRAMEBUFFER_FETCH_AVAILABLE UNITY_NO_CUBEMAP_ARRAY UNITY_NO_SCREENSPACE_SHADOWS UNITY_PBS_USE_BRDF3 SHADER_API_MOBILE UNITY_HARDWARE_TIER1 UNITY_LIGHTMAP_DLDR_ENCODING ok=1
Cmd: compileSnippet
  api=14 type=0 insize=1841 outsize=1794 kw=ETC1_EXTERNAL_ALPHA PIXELSNAP_ON pd=UNITY_NO_DXT5nm UNITY_NO_RGBM UNITY_ENABLE_REFLECTION_BUFFERS UNITY_FRAMEBUFFER_FETCH_AVAILABLE UNITY_NO_CUBEMAP_ARRAY UNITY_NO_SCREENSPACE_SHADOWS UNITY_PBS_USE_BRDF3 SHADER_API_MOBILE UNITY_HARDWARE_TIER1 UNITY_LIGHTMAP_DLDR_ENCODING ok=1
Cmd: compileSnippet
  api=14 type=1 insize=1841 outsize=1160 kw= pd=UNITY_NO_DXT5nm UNITY_NO_RGBM UNITY_ENABLE_REFLECTION_BUFFERS UNITY_FRAMEBUFFER_FETCH_AVAILABLE UNITY_NO_CUBEMAP_ARRAY UNITY_NO_SCREENSPACE_SHADOWS UNITY_PBS_USE_BRDF3 SHADER_API_MOBILE UNITY_HARDWARE_TIER1 UNITY_LIGHTMAP_DLDR_ENCODING ok=1
Cmd: compileSnippet
  api=14 type=1 insize=1841 outsize=1572 kw=ETC1_EXTERNAL_ALPHA PIXELSNAP_ON pd=UNITY_NO_DXT5nm UNITY_NO_RGBM UNITY_ENABLE_REFLECTION_BUFFERS UNITY_FRAMEBUFFER_FETCH_AVAILABLE UNITY_NO_CUBEMAP_ARRAY UNITY_NO_SCREENSPACE_SHADOWS UNITY_PBS_USE_BRDF2 SHADER_API_MOBILE UNITY_HARDWARE_TIER3 UNITY_LIGHTMAP_DLDR_ENCODING ok=1
Cmd: compileSnippet
  api=14 type=0 insize=2285 outsize=1810 kw= pd=UNITY_NO_DXT5nm UNITY_NO_RGBM UNITY_ENABLE_REFLECTION_BUFFERS UNITY_FRAMEBUFFER_FETCH_AVAILABLE UNITY_NO_CUBEMAP_ARRAY UNITY_NO_SCREENSPACE_SHADOWS UNITY_PBS_USE_BRDF2 SHADER_API_MOBILE UNITY_HARDWARE_TIER3 UNITY_LIGHTMAP_DLDR_ENCODING ok=1
Cmd: compileSnippet
  api=14 type=0 insize=2285 outsize=1810 kw=UNITY_UI_CLIP_RECT pd=UNITY_NO_DXT5nm UNITY_NO_RGBM UNITY_ENABLE_REFLECTION_BUFFERS UNITY_FRAMEBUFFER_FETCH_AVAILABLE UNITY_NO_CUBEMAP_ARRAY UNITY_NO_SCREENSPACE_SHADOWS UNITY_PBS_USE_BRDF2 SHADER_API_MOBILE UNITY_HARDWARE_TIER3 UNITY_LIGHTMAP_DLDR_ENCODING ok=1
Cmd: compileSnippet
  api=14 type=1 insize=2285 outsize=1570 kw=UNITY_UI_CLIP_RECT pd=UNITY_NO_DXT5nm UNITY_NO_RGBM UNITY_ENABLE_REFLECTION_BUFFERS UNITY_FRAMEBUFFER_FETCH_AVAILABLE UNITY_NO_CUBEMAP_ARRAY UNITY_NO_SCREENSPACE_SHADOWS UNITY_PBS_USE_BRDF2 SHADER_API_MOBILE UNITY_HARDWARE_TIER2 UNITY_LIGHTMAP_DLDR_ENCODING ok=1
Cmd: compileSnippet
  api=14 type=0 insize=8428 outsize=1486 kw= pd=UNITY_NO_DXT5nm UNITY_NO_RGBM UNITY_ENABLE_REFLECTION_BUFFERS UNITY_FRAMEBUFFER_FETCH_AVAILABLE UNITY_NO_CUBEMAP_ARRAY UNITY_NO_SCREENSPACE_SHADOWS UNITY_PBS_USE_BRDF2 SHADER_API_MOBILE UNITY_HARDWARE_TIER3 UNITY_LIGHTMAP_DLDR_ENCODING ok=1
Cmd: compileSnippet
  api=14 type=0 insize=970 outsize=1457 kw= pd=UNITY_NO_DXT5nm UNITY_NO_RGBM UNITY_ENABLE_REFLECTION_BUFFERS UNITY_FRAMEBUFFER_FETCH_AVAILABLE UNITY_NO_CUBEMAP_ARRAY UNITY_NO_SCREENSPACE_SHADOWS UNITY_PBS_USE_BRDF2 SHADER_API_MOBILE UNITY_HARDWARE_TIER2 UNITY_LIGHTMAP_DLDR_ENCODING ok=1
Cmd: compileSnippet
  api=14 type=1 insize=970 outsize=919 kw= pd=UNITY_NO_DXT5nm UNITY_NO_RGBM UNITY_ENABLE_REFLECTION_BUFFERS UNITY_FRAMEBUFFER_FETCH_AVAILABLE UNITY_NO_CUBEMAP_ARRAY UNITY_NO_SCREENSPACE_SHADOWS UNITY_PBS_USE_BRDF2 SHADER_API_MOBILE UNITY_HARDWARE_TIER3 UNITY_LIGHTMAP_DLDR_ENCODING ok=1
Cmd: compileSnippet
  api=14 type=1 insize=1248 outsize=2141 kw= pd=UNITY_NO_DXT5nm UNITY_NO_RGBM UNITY_ENABLE_REFLECTION_BUFFERS UNITY_FRAMEBUFFER_FETCH_AVAILABLE UNITY_NO_CUBEMAP_ARRAY UNITY_NO_SCREENSPACE_SHADOWS UNITY_PBS_USE_BRDF2 SHADER_API_MOBILE UNITY_HARDWARE_TIER3 UNITY_LIGHTMAP_DLDR_ENCODING ok=1
Cmd: compileSnippet
  api=14 type=0 insize=927 outsize=1474 kw= pd=UNITY_NO_DXT5nm UNITY_NO_RGBM UNITY_ENABLE_REFLECTION_BUFFERS UNITY_FRAMEBUFFER_FETCH_AVAILABLE UNITY_NO_CUBEMAP_ARRAY UNITY_NO_SCREENSPACE_SHADOWS UNITY_PBS_USE_BRDF2 SHADER_API_MOBILE UNITY_HARDWARE_TIER2 UNITY_LIGHTMAP_DLDR_ENCODING ok=1
Cmd: compileSnippet
  api=14 type=1 insize=1148 outsize=1222 kw= pd=UNITY_NO_DXT5nm UNITY_NO_RGBM UNITY_ENABLE_REFLECTION_BUFFERS UNITY_FRAMEBUFFER_FETCH_AVAILABLE UNITY_NO_CUBEMAP_ARRAY UNITY_NO_SCREENSPACE_SHADOWS UNITY_PBS_USE_BRDF2 SHADER_API_MOBILE UNITY_HARDWARE_TIER3 UNITY_LIGHTMAP_DLDR_ENCODING ok=1
Cmd: compileSnippet
  api=14 type=1 insize=1155 outsize=1181 kw= pd=UNITY_NO_DXT5nm UNITY_NO_RGBM UNITY_ENABLE_REFLECTION_BUFFERS UNITY_FRAMEBUFFER_FETCH_AVAILABLE UNITY_NO_CUBEMAP_ARRAY UNITY_NO_SCREENSPACE_SHADOWS UNITY_PBS_USE_BRDF2 SHADER_API_MOBILE UNITY_HARDWARE_TIER2 UNITY_LIGHTMAP_DLDR_ENCODING ok=1
Cmd: compileSnippet
  api=14 type=0 insize=1097 outsize=2428 kw= pd=UNITY_NO_DXT5nm UNITY_NO_RGBM UNITY_ENABLE_REFLECTION_BUFFERS UNITY_FRAMEBUFFER_FETCH_AVAILABLE UNITY_NO_CUBEMAP_ARRAY UNITY_NO_SCREENSPACE_SHADOWS UNITY_PBS_USE_BRDF3 SHADER_API_MOBILE UNITY_HARDWARE_TIER1 UNITY_LIGHTMAP_DLDR_ENCODING ok=1
Cmd: compileSnippet
  api=14 type=1 insize=1306 outsize=1181 kw= pd=UNITY_NO_DXT5nm UNITY_NO_RGBM UNITY_ENABLE_REFLECTION_BUFFERS UNITY_FRAMEBUFFER_FETCH_AVAILABLE UNITY_NO_CUBEMAP_ARRAY UNITY_NO_SCREENSPACE_SHADOWS UNITY_PBS_USE_BRDF2 SHADER_API_MOBILE UNITY_HARDWARE_TIER3 UNITY_LIGHTMAP_DLDR_ENCODING ok=1
Cmd: compileSnippet
  api=14 type=0 insize=1312 outsize=2560 kw= pd=UNITY_NO_DXT5nm UNITY_NO_RGBM UNITY_ENABLE_REFLECTION_BUFFERS UNITY_FRAMEBUFFER_FETCH_AVAILABLE UNITY_NO_CUBEMAP_ARRAY UNITY_NO_SCREENSPACE_SHADOWS UNITY_PBS_USE_BRDF3 SHADER_API_MOBILE UNITY_HARDWARE_TIER1 UNITY_LIGHTMAP_DLDR_ENCODING ok=1
Cmd: compileSnippet
  api=14 type=1 insize=7693 outsize=996 kw= pd=UNITY_NO_DXT5nm UNITY_NO_RGBM UNITY_ENABLE_REFLECTION_BUFFERS UNITY_FRAMEBUFFER_FETCH_AVAILABLE UNITY_NO_CUBEMAP_ARRAY UNITY_NO_SCREENSPACE_SHADOWS UNITY_PBS_USE_BRDF2 SHADER_API_MOBILE UNITY_HARDWARE_TIER2 UNITY_LIGHTMAP_DLDR_ENCODING ok=1
Cmd: compileSnippet
  api=14 type=1 insize=7697 outsize=1353 kw= pd=UNITY_NO_DXT5nm UNITY_NO_RGBM UNITY_ENABLE_REFLECTION_BUFFERS UNITY_FRAMEBUFFER_FETCH_AVAILABLE UNITY_NO_CUBEMAP_ARRAY UNITY_NO_SCREENSPACE_SHADOWS UNITY_PBS_USE_BRDF2 SHADER_API_MOBILE UNITY_HARDWARE_TIER2 UNITY_LIGHTMAP_DLDR_ENCODING ok=1
Cmd: compileSnippet
  api=14 type=0 insize=7696 outsize=1613 kw= pd=UNITY_NO_DXT5nm UNITY_NO_RGBM UNITY_ENABLE_REFLECTION_BUFFERS UNITY_FRAMEBUFFER_FETCH_AVAILABLE UNITY_NO_CUBEMAP_ARRAY UNITY_NO_SCREENSPACE_SHADOWS UNITY_PBS_USE_BRDF2 SHADER_API_MOBILE UNITY_HARDWARE_TIER2 UNITY_LIGHTMAP_DLDR_ENCODING ok=1
Cmd: compileSnippet
  api=14 type=1 insize=7695 outsize=2153 kw= pd=UNITY_NO_DXT5nm UNITY_NO_RGBM UNITY_ENABLE_REFLECTION_BUFFERS UNITY_FRAMEBUFFER_FETCH_AVAILABLE UNITY_NO_CUBEMAP_ARRAY UNITY_NO_SCREENSPACE_SHADOWS UNITY_PBS_USE_BRDF2 SHADER_API_MOBILE UNITY_HARDWARE_TIER2 UNITY_LIGHTMAP_DLDR_ENCODING ok=1
Cmd: compileSnippet
  api=14 type=0 insize=1470 outsize=1542 kw= pd=UNITY_NO_DXT5nm UNITY_NO_RGBM UNITY_ENABLE_REFLECTION_BUFFERS UNITY_FRAMEBUFFER_FETCH_AVAILABLE UNITY_NO_CUBEMAP_ARRAY UNITY_NO_SCREENSPACE_SHADOWS UNITY_PBS_USE_BRDF3 SHADER_API_MOBILE UNITY_HARDWARE_TIER1 UNITY_LIGHTMAP_DLDR_ENCODING ok=1
Cmd: compileSnippet
  api=14 type=1 insize=1470 outsize=1528 kw= pd=UNITY_NO_DXT5nm UNITY_NO_RGBM UNITY_ENABLE_REFLECTION_BUFFERS UNITY_FRAMEBUFFER_FETCH_AVAILABLE UNITY_NO_CUBEMAP_ARRAY UNITY_NO_SCREENSPACE_SHADOWS UNITY_PBS_USE_BRDF2 SHADER_API_MOBILE UNITY_HARDWARE_TIER2 UNITY_LIGHTMAP_DLDR_ENCODING ok=1
Cmd: initializeCompiler
Cmd: initializeCompiler
Cmd: initializeCompiler
Cmd: initializeCompiler
Cmd: initializeCompiler
